Поле имени содержит НЕ только буквы, Пенг42 euxtjquwo@mail.ru 32 
Ошибка в строке [Владимир 8 gumxfigvam], invalid literal for int() with base 10: 'gumxfigvam' 
Ошибка в строке [Джамшут tyyolvkn@ya.ru 7], Поле возраст НЕ является числом от 10 до 99 
Ошибка в строке [Дмитрий sdw@gmail.com 101], Поле возраст НЕ является числом от 10 до 99 
поле возраст НЕ является числом от 10 до 99, в строке Ольга kbzjth 13 
Ошибка в строке [Джигурда arlmdlrn@mail.ru 7], Поле возраст НЕ является числом от 10 до 99 
Ошибка в строке [Волочкова tgnrnmo@mail.ru 9], Поле возраст НЕ является числом от 10 до 99 
Поле имени содержит НЕ только буквы, Ярослав42 ffcbzt@gmail.com 74 
Ошибка в строке [Яочуан xi@mail.ru 100], Поле возраст НЕ является числом от 10 до 99 
Ошибка в строке [Земфира jqwpvljxg@mail.ru 7], Поле возраст НЕ является числом от 10 до 99 
Поле имени содержит НЕ только буквы, Гнойный666 zrjzfsdyqr@mail.ru 95 
Ошибка в строке [Ярослав 63 jlygzs@gmail.com], invalid literal for int() with base 10: 'jlygzs@gmail.com' 
поле возраст НЕ является числом от 10 до 99, в строке Джамшут lsruraertfigvam 13 
Ошибка в строке [Яочуан wmzvcqqyve@ya.ru 100], Поле возраст НЕ является числом от 10 до 99 
Поле имени содержит НЕ только буквы, Земфира42 rwkzbyao@gmail.com 68 
Ошибка в строке [Ли iahmkzj@ya.ru 8], Поле возраст НЕ является числом от 10 до 99 
Поле имени содержит НЕ только буквы, Пенг666 ms@ya.ru 93 
Ошибка в строке [Чонгкун ngdbn@ya.ru 101], Поле возраст НЕ является числом от 10 до 99 
Error in 41 wks@gmail.com, param list index out of range 
Ошибка в строке [Тролль oprzfut@ya.ru 7], Поле возраст НЕ является числом от 10 до 99 
Error in Михаил yi@mail.ru, param list index out of range 
Поле имени содержит НЕ только буквы, Ольга666 utlpnwgik@ya.ru 68 
Ошибка в строке [Хенг 96 brxe@ya.ru], invalid literal for int() with base 10: 'brxe@ya.ru' 
Ошибка в строке [Дмитрий zraliqjrtm@gmail.com 7], Поле возраст НЕ является числом от 10 до 99 
поле возраст НЕ является числом от 10 до 99, в строке Дмитрий tubdfigvam 47 
поле возраст НЕ является числом от 10 до 99, в строке Яочуан cgznlvna 98 
Ошибка в строке [Нагиев fflxrbzszh@ya.ru 101], Поле возраст НЕ является числом от 10 до 99 
Ошибка в строке [Геннадий gr@mail.ru 8], Поле возраст НЕ является числом от 10 до 99 
Error in wntxmmh@mail.ru, param list index out of range 
Error in 85, param list index out of range 
Поле имени содержит НЕ только буквы, Ли666 xxqskfbpvd@gmail.com 14 
Поле имени содержит НЕ только буквы, Яочуан666 gmak@mail.ru 57 
Ошибка в строке [Джигурда hmyhkidqn@ya.ru 8], Поле возраст НЕ является числом от 10 до 99 
Поле имени содержит НЕ только буквы, Гнойный42 sbhrryli@gmail.com 29 
Поле имени содержит НЕ только буквы, Ли42 ktcrzpnp@ya.ru 29 
поле возраст НЕ является числом от 10 до 99, в строке Хенг yefrwjcttf 11 
Поле имени содержит НЕ только буквы, Анна666 kko@gmail.com 81 
Поле имени содержит НЕ только буквы, Тролль666 nsocnzas.mail.ru 82 
Error in Земфира 86, param list index out of range 
Ошибка в строке [], НЕ присутсвуют все три поля, строка № 282 
Ошибка в строке [Нагиев qwtqnx@ya.ru 8], Поле возраст НЕ является числом от 10 до 99 
Ошибка в строке [Дмитрий qh@mail.ru 7], Поле возраст НЕ является числом от 10 до 99 
Ошибка в строке [Анна ljaznlcz@mail.ru 7], Поле возраст НЕ является числом от 10 до 99 
поле возраст НЕ является числом от 10 до 99, в строке Земфира zpfvcvb 97 
поле возраст НЕ является числом от 10 до 99, в строке Ван vbfigvam 93 
поле возраст НЕ является числом от 10 до 99, в строке Ван dlvxhrcf 22 
Ошибка в строке [Геннадий 12 lrznx@gmail.com], invalid literal for int() with base 10: 'lrznx@gmail.com' 
Error in 48 gfedb@mail.ru, param list index out of range 
Error in Пенг libyhk@mail.ru, param list index out of range 
Поле имени содержит НЕ только буквы, Анна42 pcjyji@mail.ru 52 
Ошибка в строке [Земфира cfsycaqk@gmail.com 9], Поле возраст НЕ является числом от 10 до 99 
Ошибка в строке [Земфира xygxmdh@mail.ru 8], Поле возраст НЕ является числом от 10 до 99 
Ошибка в строке [Хенг 97 mpqzthnd@mail.ru], invalid literal for int() with base 10: 'mpqzthnd@mail.ru' 
Ошибка в строке [Сянцзян buku@mail.ru 9], Поле возраст НЕ является числом от 10 до 99 
Ошибка в строке [Пенг kdcyiitl@mail.ru 9], Поле возраст НЕ является числом от 10 до 99 
Ошибка в строке [Гнойный wgmbkof@gmail.com 100], Поле возраст НЕ является числом от 10 до 99 
Поле имени содержит НЕ только буквы, Волочкова42 efe@ya.ru 79 
Error in 64, param list index out of range 
Поле имени содержит НЕ только буквы, Нагиев666 txccjjszt@ya.ru 17 
Ошибка в строке [Земфира 15 rttzfh@ya.ru], invalid literal for int() with base 10: 'rttzfh@ya.ru' 
Ошибка в строке [], НЕ присутсвуют все три поля, строка № 424 
поле возраст НЕ является числом от 10 до 99, в строке Ли dyhelbnsiefigvam 31 
Ошибка в строке [Ольга 65 fl@mail.ru], invalid literal for int() with base 10: 'fl@mail.ru' 
Ошибка в строке [Артём elf@mail.ru 101], Поле возраст НЕ является числом от 10 до 99 
Поле имени содержит НЕ только буквы, Бузова42 kcysx@mail.ru 25 
Ошибка в строке [Бузова gqt@ya.ru 8], Поле возраст НЕ является числом от 10 до 99 
Ошибка в строке [Пенг lmymg@ya.ru 100], Поле возраст НЕ является числом от 10 до 99 
Error in 54 dsohvsqen@ya.ru, param list index out of range 
поле возраст НЕ является числом от 10 до 99, в строке Владимир zvmklam 15 
Error in 91 rvgzbnl@gmail.com, param list index out of range 
Ошибка в строке [Ольга dvbnqqtcd@ya.ru 7], Поле возраст НЕ является числом от 10 до 99 
Ошибка в строке [Геннадий kvpbwddtk@mail.ru 101], Поле возраст НЕ является числом от 10 до 99 
Ошибка в строке [Нагиев 35 txgfbp@gmail.com], invalid literal for int() with base 10: 'txgfbp@gmail.com' 
Поле имени содержит НЕ только буквы, Анна666 ykjlvew@gmail.com 85 
Поле имени содержит НЕ только буквы, Ольга42 wbdv@gmail.com 42 
Поле имени содержит НЕ только буквы, Ольга42 mgjmyuavwj@mail.ru 25 
Ошибка в строке [Муммий cwxiewt@gmail.com 101], Поле возраст НЕ является числом от 10 до 99 
Ошибка в строке [Ли eowsjrz@ya.ru 7], Поле возраст НЕ является числом от 10 до 99 
Ошибка в строке [Артём qqlssl@gmail.com 9], Поле возраст НЕ является числом от 10 до 99 
Ошибка в строке [Сянцзян jxognvpf@mail.ru 100], Поле возраст НЕ является числом от 10 до 99 
Error in Владимир, param list index out of range 
поле возраст НЕ является числом от 10 до 99, в строке Джамшут redwfigvam 60 
Ошибка в строке [Тролль!!!!1 tnkugfise@ya.ru 9], Поле возраст НЕ является числом от 10 до 99 
Поле имени содержит НЕ только буквы, Ярослав!!!!1 mhfkmlfigvam 35 
поле возраст НЕ является числом от 10 до 99, в строке Земфира lgcrl 83 
Ошибка в строке [Мария plogsfhjr@gmail.com 7], Поле возраст НЕ является числом от 10 до 99 
Поле имени содержит НЕ только буквы, Джигурда666 hirbb@ya.ru 14 
Error in 37, param list index out of range 
Error in Владимир, param list index out of range 
Ошибка в строке [Ярослав zektqtg@ya.ru 100], Поле возраст НЕ является числом от 10 до 99 
Ошибка в строке [Ли fnz@ya.ru 7], Поле возраст НЕ является числом от 10 до 99 
поле возраст НЕ является числом от 10 до 99, в строке Ярослав jjeowwmen 75 
Ошибка в строке [], НЕ присутсвуют все три поля, строка № 730 
Ошибка в строке [Пенг qlxws@gmail.com 7], Поле возраст НЕ является числом от 10 до 99 
Поле имени содержит НЕ только буквы, Геннадий!!!!1 oqkolaurl@mail.ru 16 
поле возраст НЕ является числом от 10 до 99, в строке Владимир zwmnwxc 69 
Ошибка в строке [Джигурда xoq@gmail.com 7], Поле возраст НЕ является числом от 10 до 99 
Ошибка в строке [Артём ucgzuvud@gmail.com 9], Поле возраст НЕ является числом от 10 до 99 
Ошибка в строке [Земфира 33 xavvzbe@mail.ru], invalid literal for int() with base 10: 'xavvzbe@mail.ru' 
Поле имени содержит НЕ только буквы, Гнойный666 dhqinljcm@ya.ru 86 
Ошибка в строке [], НЕ присутсвуют все три поля, строка № 838 
поле возраст НЕ является числом от 10 до 99, в строке Степан doddcyqspo 86 
Ошибка в строке [Пенг lfjzkftwfn@ya.ru 8], Поле возраст НЕ является числом от 10 до 99 
Ошибка в строке [Муммий kwsdchxc@mail.ru 8], Поле возраст НЕ является числом от 10 до 99 
поле возраст НЕ является числом от 10 до 99, в строке Пенг ycvfigvam 91 
Ошибка в строке [Мария uslq@ya.ru 9], Поле возраст НЕ является числом от 10 до 99 
Поле имени содержит НЕ только буквы, Мария666 ax@ya.ru 10 
Поле имени содержит НЕ только буквы, Ольга666 xhpowfavv@mail.ru 16 
Ошибка в строке [], НЕ присутсвуют все три поля, строка № 896 
Ошибка в строке [Степан btscwz@mail.ru 101], Поле возраст НЕ является числом от 10 до 99 
Error in 51, param list index out of range 
Ошибка в строке [], НЕ присутсвуют все три поля, строка № 904 
поле возраст НЕ является числом от 10 до 99, в строке Чонгкун jiqwzjx 63 
Ошибка в строке [Яочуан mtgjp@mail.ru 101], Поле возраст НЕ является числом от 10 до 99 
Ошибка в строке [Ольга aorfimupuq@ya.ru 100], Поле возраст НЕ является числом от 10 до 99 
Ошибка в строке [Равшан qwj@gmail.com 101], Поле возраст НЕ является числом от 10 до 99 
Поле имени содержит НЕ только буквы, Равшан!!!!1 ee@gmail.com 57 
Error in Бузова aquuftkrh@gmail.com, param list index out of range 
Ошибка в строке [Геннадий 36 nfsxqtabzt@gmail.com], invalid literal for int() with base 10: 'nfsxqtabzt@gmail.com' 
Ошибка в строке [Михаил hidos@gmail.com 101], Поле возраст НЕ является числом от 10 до 99 
Поле имени содержит НЕ только буквы, Михаил666 pvabwwymp@gmail.com 88 
Поле имени содержит НЕ только буквы, Нагиев666 xwnmfigvam 59 
Поле имени содержит НЕ только буквы, Муммий!!!!1 tsfowgyt@ya.ru 89 
Поле имени содержит НЕ только буквы, Равшан666 evayobrerz@mail.ru 52 
Ошибка в строке [], НЕ присутсвуют все три поля, строка № 1009 
Ошибка в строке [Нагиев 72 crek@ya.ru], invalid literal for int() with base 10: 'crek@ya.ru' 
Ошибка в строке [Тролль yauqsnry@gmail.com 9], Поле возраст НЕ является числом от 10 до 99 
Ошибка в строке [Сянцзян666 phdjniunaf@ya.ru 8], Поле возраст НЕ является числом от 10 до 99 
Ошибка в строке [Хенг yneo@mail.ru 8], Поле возраст НЕ является числом от 10 до 99 
Поле имени содержит НЕ только буквы, Ли666 ga@gmail.com 46 
Ошибка в строке [Анна wkguvadej 8], Поле возраст НЕ является числом от 10 до 99 
Поле имени содержит НЕ только буквы, Равшан42 qrmfi@mail.ru 29 
Ошибка в строке [Волочкова 42 iqqkfxew@mail.ru], invalid literal for int() with base 10: 'iqqkfxew@mail.ru' 
Поле имени содержит НЕ только буквы, Ольга42 eyplplbdvp@gmail.com 28 
поле возраст НЕ является числом от 10 до 99, в строке Земфира fnlsuuge 48 
поле возраст НЕ является числом от 10 до 99, в строке Ли znfhr 44 
Ошибка в строке [Гнойный 48 iwli@mail.ru], invalid literal for int() with base 10: 'iwli@mail.ru' 
Поле имени содержит НЕ только буквы, Анна!!!!1 bqktw@gmail.com 65 
Ошибка в строке [Чехова rigd@ya.ru 7], Поле возраст НЕ является числом от 10 до 99 
Error in 98 xp@mail.ru, param list index out of range 
Ошибка в строке [Земфира 36 nffdhs@ya.ru], invalid literal for int() with base 10: 'nffdhs@ya.ru' 
Error in Муммий 79, param list index out of range 
Ошибка в строке [Волочкова42 toijyvt@gmail.com 7], Поле возраст НЕ является числом от 10 до 99 
поле возраст НЕ является числом от 10 до 99, в строке Сянцзян kotbwuibd 39 
Ошибка в строке [Нагиев zoz@mail.ru 9], Поле возраст НЕ является числом от 10 до 99 
Error in 13 eqghsyv@ya.ru, param list index out of range 
Ошибка в строке [Геннадий ogn@mail.ru 9], Поле возраст НЕ является числом от 10 до 99 
поле возраст НЕ является числом от 10 до 99, в строке Анна lyrzfigvam 50 
Поле имени содержит НЕ только буквы, Ван!!!!1 dekbmeygdv@gmail.com 17 
Ошибка в строке [Артём 62 xaxwwtnhm], invalid literal for int() with base 10: 'xaxwwtnhm' 
Ошибка в строке [Ольга uz@mail.ru 101], Поле возраст НЕ является числом от 10 до 99 
Ошибка в строке [Нагиев opru@mail.ru 100], Поле возраст НЕ является числом от 10 до 99 
Поле имени содержит НЕ только буквы, Равшан!!!!1 gfaefwi@gmail.com 79 
Error in 65 iptmugr@mail.ru, param list index out of range 
Error in Хенг, param list index out of range 
Ошибка в строке [], НЕ присутсвуют все три поля, строка № 1266 
Поле имени содержит НЕ только буквы, Ли666 lyfmfp@ya.ru 96 
Поле имени содержит НЕ только буквы, Нагиев42 ym@mail.ru 27 
поле возраст НЕ является числом от 10 до 99, в строке Анна hffigvam 43 
Error in Ван, param list index out of range 
Ошибка в строке [Ярослав 63 sexveg@gmail.com], invalid literal for int() with base 10: 'sexveg@gmail.com' 
Поле имени содержит НЕ только буквы, Ольга!!!!1 cjujuc@ya.ru 35 
Ошибка в строке [Пенг loyfqih@mail.ru 7], Поле возраст НЕ является числом от 10 до 99 
поле возраст НЕ является числом от 10 до 99, в строке Равшан nkbkkxutvtfigvam 57 
Error in Тролль, param list index out of range 
Ошибка в строке [Дмитрий gdpplo@mail.ru 9], Поле возраст НЕ является числом от 10 до 99 
Ошибка в строке [Яочуан ulwxku@gmail.com 8], Поле возраст НЕ является числом от 10 до 99 
поле возраст НЕ является числом от 10 до 99, в строке Ван rtndt 79 
поле возраст НЕ является числом от 10 до 99, в строке Ярослав qlqsfigvam 70 
Ошибка в строке [Мария 72 dgsvr@ya.ru], invalid literal for int() with base 10: 'dgsvr@ya.ru' 
Поле имени содержит НЕ только буквы, Волочкова666 fiyzyx@mail.ru 47 
Ошибка в строке [Артём hdgpkrw@ya.ru 100], Поле возраст НЕ является числом от 10 до 99 
Поле имени содержит НЕ только буквы, Джамшут666 bkuptdyvdz@ya.ru 61 
Ошибка в строке [Ли ofkclep@mail.ru 9], Поле возраст НЕ является числом от 10 до 99 
Поле имени содержит НЕ только буквы, Ольга666 mfjyl@mail.ru 22 
поле возраст НЕ является числом от 10 до 99, в строке Нагиев vqqufigvam 31 
Поле имени содержит НЕ только буквы, Муммий!!!!1 qpodw@mail.ru 32 
Ошибка в строке [Владимир cnvfq@gmail.com 7], Поле возраст НЕ является числом от 10 до 99 
Поле имени содержит НЕ только буквы, Джигурда!!!!1 zrhuigzsnf@mail.ru 34 
Ошибка в строке [Джигурда orcpss@ya.ru 100], Поле возраст НЕ является числом от 10 до 99 
Ошибка в строке [Ли boguqbuu@gmail.com 7], Поле возраст НЕ является числом от 10 до 99 
поле возраст НЕ является числом от 10 до 99, в строке Мария mspjbfigvam 36 
Error in Сянцзян, param list index out of range 
Ошибка в строке [Равшан mdokjjrnvg@mail.ru 7], Поле возраст НЕ является числом от 10 до 99 
поле возраст НЕ является числом от 10 до 99, в строке Мария oig 76 
Ошибка в строке [Волочкова oe@gmail.com 101], Поле возраст НЕ является числом от 10 до 99 
Ошибка в строке [], НЕ присутсвуют все три поля, строка № 1516 
поле возраст НЕ является числом от 10 до 99, в строке Ольга vocfyjidrb 20 
Ошибка в строке [Тролль vrqgob@mail.ru 8], Поле возраст НЕ является числом от 10 до 99 
Поле имени содержит НЕ только буквы, Ли!!!!1 zhw@mail.ru 10 
Поле имени содержит НЕ только буквы, Хенг666 agjhusbkoe@gmail.com 33 
Поле имени содержит НЕ только буквы, Равшан42 ncmjadmmh@ya.ru 95 
Error in 58 xomfg@mail.ru, param list index out of range 
Поле имени содержит НЕ только буквы, Нагиев42 wara@mail.ru 24 
Ошибка в строке [Артём fyypnlxwa@mail.ru 8], Поле возраст НЕ является числом от 10 до 99 
Ошибка в строке [Анна uepiyqy@mail.ru 101], Поле возраст НЕ является числом от 10 до 99 
поле возраст НЕ является числом от 10 до 99, в строке Ярослав hhirwcetv 80 
Ошибка в строке [Пенг mkuiungv@mail.ru 9], Поле возраст НЕ является числом от 10 до 99 
Поле имени содержит НЕ только буквы, Михаил666 iggl@ya.ru 78 
Ошибка в строке [Пенг fcj@gmail.com 101], Поле возраст НЕ является числом от 10 до 99 
Ошибка в строке [], НЕ присутсвуют все три поля, строка № 1591 
Поле имени содержит НЕ только буквы, Ольга!!!!1 lpqimz@mail.ru 72 
Ошибка в строке [Волочкова uajtxxoc@gmail.com 100], Поле возраст НЕ является числом от 10 до 99 
Error in 31, param list index out of range 
Ошибка в строке [Ван yrz.mail.ru 101], Поле возраст НЕ является числом от 10 до 99 
Error in Геннадий jlonbdf@mail.ru, param list index out of range 
Поле имени содержит НЕ только буквы, Михаил!!!!1 dicke@ya.ru 97 
Ошибка в строке [Владимир xmwfayrc@ya.ru 8], Поле возраст НЕ является числом от 10 до 99 
Ошибка в строке [Яочуан bs@mail.ru 7], Поле возраст НЕ является числом от 10 до 99 
Error in Ярослав, param list index out of range 
Поле имени содержит НЕ только буквы, Анна42 zcs@mail.ru 42 
Error in Муммий 90, param list index out of range 
Поле имени содержит НЕ только буквы, Анна42 vhhwftfcg@mail.ru 53 
Ошибка в строке [Степан jjzi@mail.ru 7], Поле возраст НЕ является числом от 10 до 99 
Ошибка в строке [], НЕ присутсвуют все три поля, строка № 1766 
Ошибка в строке [Нагиев666 wteoex@mail.ru 9], Поле возраст НЕ является числом от 10 до 99 
Error in 81 nett@gmail.com, param list index out of range 
Ошибка в строке [Дмитрий xb@ya.ru 100], Поле возраст НЕ является числом от 10 до 99 
поле возраст НЕ является числом от 10 до 99, в строке Муммий uiafigvam 62 
Поле имени содержит НЕ только буквы, Хенг!!!!1 osyznzo@ya.ru 67 
Поле имени содержит НЕ только буквы, Сянцзян666 xregmycxtn@ya.ru 95 
поле возраст НЕ является числом от 10 до 99, в строке Ли lztfjuh 22 
Ошибка в строке [Геннадий 94 xhuwmic@gmail.com], invalid literal for int() with base 10: 'xhuwmic@gmail.com' 
Ошибка в строке [], НЕ присутсвуют все три поля, строка № 1830 
Ошибка в строке [Гнойный udxi@gmail.com 101], Поле возраст НЕ является числом от 10 до 99 
Error in tq@mail.ru, param list index out of range 
Ошибка в строке [Ольга ct@mail.ru 100], Поле возраст НЕ является числом от 10 до 99 
Поле имени содержит НЕ только буквы, Чонгкун42 qhedc@ya.ru 59 
Поле имени содержит НЕ только буквы, Геннадий42 aespu@mail.ru 97 
Ошибка в строке [Джигурда rn@gmail.com 8], Поле возраст НЕ является числом от 10 до 99 
Error in Тролль, param list index out of range 
поле возраст НЕ является числом от 10 до 99, в строке Артём uhhdaycfigvam 18 
Ошибка в строке [Дмитрий cbtewsu 100], Поле возраст НЕ является числом от 10 до 99 
Error in 88 owmogsfi@ya.ru, param list index out of range 
Ошибка в строке [Мария 8 yg@ya.ru], invalid literal for int() with base 10: 'yg@ya.ru' 
Ошибка в строке [Чехова lidxddaoqw@mail.ru 100], Поле возраст НЕ является числом от 10 до 99 
Ошибка в строке [Чонгкун tylquyseiz@gmail.com 100], Поле возраст НЕ является числом от 10 до 99 
Ошибка в строке [Бузова iok@gmail.com 8], Поле возраст НЕ является числом от 10 до 99 
Error in Чонгкун, param list index out of range 
Error in Земфира, param list index out of range 
Ошибка в строке [Геннадий zwf@gmail.com 100], Поле возраст НЕ является числом от 10 до 99 
Ошибка в строке [Нагиев 85 bzwdxvy@ya.ru], invalid literal for int() with base 10: 'bzwdxvy@ya.ru' 
Ошибка в строке [Ли dgqm@mail.ru 8], Поле возраст НЕ является числом от 10 до 99 
Ошибка в строке [Мария ontqgx@mail.ru 100], Поле возраст НЕ является числом от 10 до 99 
Ошибка в строке [Мария deyzithaw@mail.ru 8], Поле возраст НЕ является числом от 10 до 99 
Ошибка в строке [Ван sadolr@ya.ru 101], Поле возраст НЕ является числом от 10 до 99 
Ошибка в строке [Степан kf@ya.ru 8], Поле возраст НЕ является числом от 10 до 99 
Ошибка в строке [Равшан wgusm@gmail.com 9], Поле возраст НЕ является числом от 10 до 99 
Ошибка в строке [], НЕ присутсвуют все три поля, строка № 2105 
Ошибка в строке [Земфира uwdvnli@mail.ru 8], Поле возраст НЕ является числом от 10 до 99 
Error in 16, param list index out of range 
Поле имени содержит НЕ только буквы, Артём42 su@ya.ru 26 
Error in 86, param list index out of range 
поле возраст НЕ является числом от 10 до 99, в строке Хенг edqh 20 
Ошибка в строке [Анна 99 tqdylq@gmail.com], invalid literal for int() with base 10: 'tqdylq@gmail.com' 
поле возраст НЕ является числом от 10 до 99, в строке Гнойный mvjcfigvam 52 
Поле имени содержит НЕ только буквы, Геннадий666 baq@gmail.com 74 
Ошибка в строке [Гнойный esd 9], Поле возраст НЕ является числом от 10 до 99 
Поле имени содержит НЕ только буквы, Равшан666 tokg@gmail.com 25 
Error in 42, param list index out of range 
Ошибка в строке [Ли aeonyiu@mail.ru 9], Поле возраст НЕ является числом от 10 до 99 
Ошибка в строке [Яочуан si@gmail.com 7], Поле возраст НЕ является числом от 10 до 99 
Поле имени содержит НЕ только буквы, Степан!!!!1 dvac@gmail.com 94 
Ошибка в строке [Дмитрий 82 pqlmawawd@mail.ru], invalid literal for int() with base 10: 'pqlmawawd@mail.ru' 
Ошибка в строке [Тролль sjxjgkmlq@ya.ru 8], Поле возраст НЕ является числом от 10 до 99 
Поле имени содержит НЕ только буквы, Мария!!!!1 xl@mail.ru 52 
Поле имени содержит НЕ только буквы, Дмитрий42 fbllfxosnn@mail.ru 94 
Ошибка в строке [Ли gnir@gmail.com 7], Поле возраст НЕ является числом от 10 до 99 
Ошибка в строке [Ольга ha@ya.ru 9], Поле возраст НЕ является числом от 10 до 99 
Error in Геннадий apttruc@gmail.com, param list index out of range 
Ошибка в строке [Хенг gjmkdp@gmail.com 9], Поле возраст НЕ является числом от 10 до 99 
Ошибка в строке [Джигурда hsdu@ya.ru 101], Поле возраст НЕ является числом от 10 до 99 
Поле имени содержит НЕ только буквы, Гнойный666 qlv@gmail.com 12 
Ошибка в строке [Муммий pidjfftm@mail.ru 8], Поле возраст НЕ является числом от 10 до 99 
Поле имени содержит НЕ только буквы, Ярослав!!!!1 wu@gmail.com 31 
Поле имени содержит НЕ только буквы, Ярослав42 xec@gmail.com 62 
Ошибка в строке [Джамшут hpzoktyo@gmail.com 101], Поле возраст НЕ является числом от 10 до 99 
Ошибка в строке [Ольга 36 chh@mail.ru], invalid literal for int() with base 10: 'chh@mail.ru' 
Error in 14, param list index out of range 
Error in ibnwoguc@mail.ru, param list index out of range 
Ошибка в строке [Ли nacdtxienb@mail.ru 100], Поле возраст НЕ является числом от 10 до 99 
Ошибка в строке [Анна cxkqato@mail.ru 8], Поле возраст НЕ является числом от 10 до 99 
Поле имени содержит НЕ только буквы, Чехова42 owayi@mail.ru 14 
Ошибка в строке [Чонгкун jrhsmdgbx@gmail.com 7], Поле возраст НЕ является числом от 10 до 99 
Ошибка в строке [Ярослав qo@mail.ru 9], Поле возраст НЕ является числом от 10 до 99 
Ошибка в строке [Анна sba@ya.ru 101], Поле возраст НЕ является числом от 10 до 99 
Поле имени содержит НЕ только буквы, Джамшут666 cckguhj@mail.ru 31 
Ошибка в строке [Бузова uppchfkyju@gmail.com 9], Поле возраст НЕ является числом от 10 до 99 
Поле имени содержит НЕ только буквы, Ярослав!!!!1 jf@ya.ru 62 
Ошибка в строке [Геннадий hjfdi.mail.ru 7], Поле возраст НЕ является числом от 10 до 99 
Ошибка в строке [Гнойный wr@mail.ru 7], Поле возраст НЕ является числом от 10 до 99 
Ошибка в строке [Бузова gmm@ya.ru 7], Поле возраст НЕ является числом от 10 до 99 
поле возраст НЕ является числом от 10 до 99, в строке Геннадий abtk 75 
Поле имени содержит НЕ только буквы, Ярослав666 jeh 63 
Поле имени содержит НЕ только буквы, Михаил42 kzcp@mail.ru 78 
Ошибка в строке [Степан uftoobjxk@mail.ru 8], Поле возраст НЕ является числом от 10 до 99 
Ошибка в строке [Ли xfhjyoju@gmail.com 100], Поле возраст НЕ является числом от 10 до 99 
поле возраст НЕ является числом от 10 до 99, в строке Джигурда jxvtxvxwsfigvam 95 
Поле имени содержит НЕ только буквы, Ли666 bqmybd@mail.ru 75 
Поле имени содержит НЕ только буквы, Дмитрий666 ezjv@gmail.com 21 
Ошибка в строке [Ван iaphxaoo@gmail.com 8], Поле возраст НЕ является числом от 10 до 99 
Ошибка в строке [Чонгкун mhkhqjhmx@gmail.com 7], Поле возраст НЕ является числом от 10 до 99 
Ошибка в строке [Яочуан ygdqxja@mail.ru 100], Поле возраст НЕ является числом от 10 до 99 
Поле имени содержит НЕ только буквы, Джамшут666 rndlsfo@gmail.com 12 
поле возраст НЕ является числом от 10 до 99, в строке Дмитрий dwymn 20 
Поле имени содержит НЕ только буквы, Ярослав!!!!1 suldafigvam 92 
поле возраст НЕ является числом от 10 до 99, в строке Михаил hmjiuuvvhufigvam 32 
Error in 99 xyehgwzuu@gmail.com, param list index out of range 
Error in 66, param list index out of range 
Ошибка в строке [Чонгкун mhycl@gmail.com 9], Поле возраст НЕ является числом от 10 до 99 
Ошибка в строке [Пенг vyoik@ya.ru 100], Поле возраст НЕ является числом от 10 до 99 
Ошибка в строке [Владимир rinftidh@ya.ru 101], Поле возраст НЕ является числом от 10 до 99 
Поле имени содержит НЕ только буквы, Муммий666 pd@mail.ru 87 
Ошибка в строке [Мария dpbpily@gmail.com 9], Поле возраст НЕ является числом от 10 до 99 
Error in yv@mail.ru, param list index out of range 
Ошибка в строке [Владимир zrignrbba@gmail.com 8], Поле возраст НЕ является числом от 10 до 99 
Ошибка в строке [Яочуан vi.ru 101], Поле возраст НЕ является числом от 10 до 99 
Поле имени содержит НЕ только буквы, Ли42 nasa@gmail.com 20 
Ошибка в строке [Мария ixhn@ya.ru 100], Поле возраст НЕ является числом от 10 до 99 
Ошибка в строке [], НЕ присутсвуют все три поля, строка № 2625 
Ошибка в строке [Анна 85 elchvgwknw@gmail.com], invalid literal for int() with base 10: 'elchvgwknw@gmail.com' 
Ошибка в строке [Бузова igr@ya.ru 8], Поле возраст НЕ является числом от 10 до 99 
Ошибка в строке [Яочуан ksufmcroha@gmail.com 101], Поле возраст НЕ является числом от 10 до 99 
Ошибка в строке [Хенг ngpoldldwl@ya.ru 100], Поле возраст НЕ является числом от 10 до 99 
Ошибка в строке [Чонгкун gq@ya.ru 7], Поле возраст НЕ является числом от 10 до 99 
Error in 89 qhl@mail.ru, param list index out of range 
Ошибка в строке [Яочуан iuth@ya.ru 8], Поле возраст НЕ является числом от 10 до 99 
Ошибка в строке [Равшан 39 icuzo@ya.ru], invalid literal for int() with base 10: 'icuzo@ya.ru' 
Поле имени содержит НЕ только буквы, Ольга666 sigmjeofjf@gmail.com 17 
Ошибка в строке [Мария yjuzmr@gmail.com 9], Поле возраст НЕ является числом от 10 до 99 
Поле имени содержит НЕ только буквы, Волочкова666 cgoivrmofg@gmail.com 81 
Поле имени содержит НЕ только буквы, Равшан666 nyx@ya.ru 60 
Ошибка в строке [Дмитрий xback@mail.ru 7], Поле возраст НЕ является числом от 10 до 99 
Ошибка в строке [Ли lc@ya.ru 9], Поле возраст НЕ является числом от 10 до 99 
Ошибка в строке [Земфира plslxirp@gmail.com 101], Поле возраст НЕ является числом от 10 до 99 
Ошибка в строке [Чехова ssdpstvvxi@gmail.com 7], Поле возраст НЕ является числом от 10 до 99 
Ошибка в строке [Ли pcnvxsf@ya.ru 100], Поле возраст НЕ является числом от 10 до 99 
Поле имени содержит НЕ только буквы, Джамшут666 bu@ya.ru 54 
Ошибка в строке [Джигурда ssecik@ya.ru 7], Поле возраст НЕ является числом от 10 до 99 
Поле имени содержит НЕ только буквы, Михаил!!!!1 ayfunbjvq@mail.ru 91 
Ошибка в строке [Степан 36 caye@ya.ru], invalid literal for int() with base 10: 'caye@ya.ru' 
поле возраст НЕ является числом от 10 до 99, в строке Дмитрий eyogojynek 26 
поле возраст НЕ является числом от 10 до 99, в строке Чехова jtvxk 12 
Error in oy@gmail.com, param list index out of range 
Ошибка в строке [Артём iwkukwzt@ya.ru 8], Поле возраст НЕ является числом от 10 до 99 
Ошибка в строке [Волочкова kvy@ya.ru 101], Поле возраст НЕ является числом от 10 до 99 
поле возраст НЕ является числом от 10 до 99, в строке Сянцзян dgxpv 82 
Поле имени содержит НЕ только буквы, Владимир42 ffkixmon@mail.ru 34 
Ошибка в строке [Равшан rsy@gmail.com 100], Поле возраст НЕ является числом от 10 до 99 
Error in Степан 23, param list index out of range 
Ошибка в строке [Тролль mnycx@gmail.com 101], Поле возраст НЕ является числом от 10 до 99 
Поле имени содержит НЕ только буквы, Чехова42 lxfu@gmail.com 45 
Поле имени содержит НЕ только буквы, Ольга42 thhtgzm@ya.ru 45 
Поле имени содержит НЕ только буквы, Муммий42 mdtaqsikjf@ya.ru 12 
Ошибка в строке [Хенг crhsca@ya.ru 9], Поле возраст НЕ является числом от 10 до 99 
поле возраст НЕ является числом от 10 до 99, в строке Джамшут phlpzwfffigvam 33 
Error in Ярослав, param list index out of range 
Ошибка в строке [Геннадий cppmo@mail.ru 8], Поле возраст НЕ является числом от 10 до 99 
Поле имени содержит НЕ только буквы, Земфира!!!!1 efz@mail.ru 45 
Ошибка в строке [Ольга 86 zpawzdafft@gmail.com], invalid literal for int() with base 10: 'zpawzdafft@gmail.com' 
Ошибка в строке [Михаил rtisohbr@mail.ru 101], Поле возраст НЕ является числом от 10 до 99 
Поле имени содержит НЕ только буквы, Бузова42 riltaol@gmail.com 31 
Ошибка в строке [Геннадий 73 jruoid@mail.ru], invalid literal for int() with base 10: 'jruoid@mail.ru' 
Error in xti@ya.ru, param list index out of range 
Ошибка в строке [Михаил nktbmhacha@ya.ru 101], Поле возраст НЕ является числом от 10 до 99 
Error in 23, param list index out of range 
Ошибка в строке [Джигурда tjusruw@gmail.com 101], Поле возраст НЕ является числом от 10 до 99 
Error in oywlsbomiy@gmail.com, param list index out of range 
Error in Геннадий dfmah@gmail.com, param list index out of range 
поле возраст НЕ является числом от 10 до 99, в строке Анна rqcfigvam 58 
Ошибка в строке [Геннадий gowp@ya.ru 9], Поле возраст НЕ является числом от 10 до 99 
поле возраст НЕ является числом от 10 до 99, в строке Яочуан hcfigvam 80 
Ошибка в строке [Геннадий 55 ndb@ya.ru], invalid literal for int() with base 10: 'ndb@ya.ru' 
Ошибка в строке [Ван zbubzr@gmail.com 7], Поле возраст НЕ является числом от 10 до 99 
Ошибка в строке [Ли 74 wgugrckxw@gmail.com], invalid literal for int() with base 10: 'wgugrckxw@gmail.com' 
Ошибка в строке [Яочуан hgxwj@gmail.com 7], Поле возраст НЕ является числом от 10 до 99 
Ошибка в строке [Гнойный tygluu@gmail.com 9], Поле возраст НЕ является числом от 10 до 99 
Поле имени содержит НЕ только буквы, Джигурда666 mkogutwr@gmail.com 20 
Поле имени содержит НЕ только буквы, Геннадий666 jqw@ya.ru 58 
Ошибка в строке [Равшан mqg@mail.ru 7], Поле возраст НЕ является числом от 10 до 99 
Ошибка в строке [Мария fyqx@gmail.com 101], Поле возраст НЕ является числом от 10 до 99 
поле возраст НЕ является числом от 10 до 99, в строке Мария igqkc 56 
Поле имени содержит НЕ только буквы, Тролль!!!!1 iboxbi@mail.ru 27 
Ошибка в строке [Ли xm@gmail.com 101], Поле возраст НЕ является числом от 10 до 99 
Поле имени содержит НЕ только буквы, Бузова666 ndoirzuht@gmail.com 35 
Ошибка в строке [], НЕ присутсвуют все три поля, строка № 3086 
Ошибка в строке [Ольга grctgo@mail.ru 101], Поле возраст НЕ является числом от 10 до 99 
Поле имени содержит НЕ только буквы, Ольга666 jkks@ya.ru 88 
Error in 14 qjdyda@ya.ru, param list index out of range 
Поле имени содержит НЕ только буквы, Хенг666 dbkxglrtr@gmail.com 20 
Ошибка в строке [Ван twypxwtnqs@ya.ru 8], Поле возраст НЕ является числом от 10 до 99 
Error in Ольга, param list index out of range 
Ошибка в строке [Яочуан jqrvpik@gmail.com 8], Поле возраст НЕ является числом от 10 до 99 
Ошибка в строке [Ярослав nbpbn@ya.ru 100], Поле возраст НЕ является числом от 10 до 99 
Error in Пенг 18, param list index out of range 
Ошибка в строке [Ван eqvzujpa@mail.ru 100], Поле возраст НЕ является числом от 10 до 99 
Поле имени содержит НЕ только буквы, Земфира666 mkxfbiglg@ya.ru 25 
Ошибка в строке [Ли vsrbknpi@gmail.com 101], Поле возраст НЕ является числом от 10 до 99 
Поле имени содержит НЕ только буквы, Волочкова42 jplbtuvok@mail.ru 39 
поле возраст НЕ является числом от 10 до 99, в строке Степан gggpaqbb 39 
Ошибка в строке [Нагиев kdxmdjsfoq@gmail.com 7], Поле возраст НЕ является числом от 10 до 99 
Ошибка в строке [Геннадий 51 ngibl@ya.ru], invalid literal for int() with base 10: 'ngibl@ya.ru' 
Поле имени содержит НЕ только буквы, Ярослав!!!!1 xd@mail.ru 46 
Ошибка в строке [Михаил dmsckxsvkq@ya.ru 101], Поле возраст НЕ является числом от 10 до 99 
поле возраст НЕ является числом от 10 до 99, в строке Чонгкун qyrb 94 
Ошибка в строке [Владимир txd@ya.ru 100], Поле возраст НЕ является числом от 10 до 99 
Поле имени содержит НЕ только буквы, Пенг42 jbxhywaw@gmail.com 94 
Error in Бузова 58, param list index out of range 
Ошибка в строке [Бузова cpzofk@ya.ru 100], Поле возраст НЕ является числом от 10 до 99 
Ошибка в строке [Ольга666 ot@gmail.com 9], Поле возраст НЕ является числом от 10 до 99 
Ошибка в строке [], НЕ присутсвуют все три поля, строка № 3234 
Ошибка в строке [], НЕ присутсвуют все три поля, строка № 3236 
Ошибка в строке [Тролль nohc@ya.ru 8], Поле возраст НЕ является числом от 10 до 99 
Поле имени содержит НЕ только буквы, Хенг42 tfglv@ya.ru 82 
Поле имени содержит НЕ только буквы, Мария666 sp@mail.ru 67 
Ошибка в строке [Тролль lpiqiywb@mail.ru 8], Поле возраст НЕ является числом от 10 до 99 
поле возраст НЕ является числом от 10 до 99, в строке Ольга alcdfigvam 75 
Ошибка в строке [Равшан pdomev@gmail.com 8], Поле возраст НЕ является числом от 10 до 99 
Ошибка в строке [], НЕ присутсвуют все три поля, строка № 3273 
Поле имени содержит НЕ только буквы, Дмитрий!!!!1 ccoqjfx@mail.ru 15 
Поле имени содержит НЕ только буквы, Артём42 clcmztc@gmail.com 94 
Ошибка в строке [Сянцзян jyyw@ya.ru 7], Поле возраст НЕ является числом от 10 до 99 
Ошибка в строке [], НЕ присутсвуют все три поля, строка № 3296 
Ошибка в строке [Джамшут 86 mz@ya.ru], invalid literal for int() with base 10: 'mz@ya.ru' 
поле возраст НЕ является числом от 10 до 99, в строке Ольга vheltf 30 
Ошибка в строке [Ольга tmstxptsw@gmail.com 101], Поле возраст НЕ является числом от 10 до 99 
поле возраст НЕ является числом от 10 до 99, в строке Бузова ipguhyopqfigvam 62 
Поле имени содержит НЕ только буквы, Гнойный666 sjb@mail.ru 91 
Поле имени содержит НЕ только буквы, Чонгкун42 whw@gmail.com 71 
Поле имени содержит НЕ только буквы, Чехова42 ltcp@mail.ru 37 
Ошибка в строке [Ольга 90 nbyqfilr@ya.ru], invalid literal for int() with base 10: 'nbyqfilr@ya.ru' 
поле возраст НЕ является числом от 10 до 99, в строке Ярослав guqnftm 91 
Ошибка в строке [Джигурда pwvllwc@mail.ru 100], Поле возраст НЕ является числом от 10 до 99 
Поле имени содержит НЕ только буквы, Муммий!!!!1 ro@gmail.com 78 
Ошибка в строке [Муммий afch@gmail.com 100], Поле возраст НЕ является числом от 10 до 99 
Ошибка в строке [Муммий kxhupvl@mail.ru 8], Поле возраст НЕ является числом от 10 до 99 
Поле имени содержит НЕ только буквы, Владимир666 fuxy@ya.ru 13 
Поле имени содержит НЕ только буквы, Яочуан!!!!1 xgyph@ya.ru 73 
Ошибка в строке [Муммий yorphou@mail.ru 101], Поле возраст НЕ является числом от 10 до 99 
Ошибка в строке [Владимир jvgb@gmail.com 9], Поле возраст НЕ является числом от 10 до 99 
поле возраст НЕ является числом от 10 до 99, в строке Яочуан rmuqgtv 19 
Ошибка в строке [Джамшут xkmcgp@gmail.com 100], Поле возраст НЕ является числом от 10 до 99 
Ошибка в строке [Джамшут zmlft@gmail.com 9], Поле возраст НЕ является числом от 10 до 99 
Ошибка в строке [Равшан dfzxjzqx@gmail.com 9], Поле возраст НЕ является числом от 10 до 99 
Ошибка в строке [Мария hktpu@ya.ru 7], Поле возраст НЕ является числом от 10 до 99 
Поле имени содержит НЕ только буквы, Муммий666 ghkzdxn@mail.ru 92 
поле возраст НЕ является числом от 10 до 99, в строке Владимир xstkvrskfigvam 75 
поле возраст НЕ является числом от 10 до 99, в строке Михаил ity 41 
Error in Хенг ijygcm@mail.ru, param list index out of range 
поле возраст НЕ является числом от 10 до 99, в строке Тролль ydmqa 44 
Ошибка в строке [Ярослав nylmbleako@gmail.com 7], Поле возраст НЕ является числом от 10 до 99 
Ошибка в строке [Муммий xjctubyfz@gmail.com 7], Поле возраст НЕ является числом от 10 до 99 
Ошибка в строке [Сянцзян xrcrvmblnw@ya.ru 9], Поле возраст НЕ является числом от 10 до 99 
Поле имени содержит НЕ только буквы, Джамшут666 dgbk@gmail.com 86 
Ошибка в строке [Равшан xsortwb@ya.ru 100], Поле возраст НЕ является числом от 10 до 99 
поле возраст НЕ является числом от 10 до 99, в строке Михаил ksfigvam 86 
Ошибка в строке [], НЕ присутсвуют все три поля, строка № 3498 
Ошибка в строке [Равшан dp@gmail.com 7], Поле возраст НЕ является числом от 10 до 99 
Поле имени содержит НЕ только буквы, Равшан42 oztp@gmail.com 35 
Ошибка в строке [Пенг 91 sbkivwv@gmail.com], invalid literal for int() with base 10: 'sbkivwv@gmail.com' 
Ошибка в строке [Чонгкун bmybxiicj@mail.ru 100], Поле возраст НЕ является числом от 10 до 99 
Ошибка в строке [Анна gju@gmail.com 7], Поле возраст НЕ является числом от 10 до 99 
поле возраст НЕ является числом от 10 до 99, в строке Яочуан kmaqjfigvam 66 
Ошибка в строке [Ольга 55 jym@mail.ru], invalid literal for int() with base 10: 'jym@mail.ru' 
Ошибка в строке [Волочкова hpn@gmail.com 9], Поле возраст НЕ является числом от 10 до 99 
Ошибка в строке [Чонгкун qduhwjj@mail.ru 9], Поле возраст НЕ является числом от 10 до 99 
Ошибка в строке [Чехова zbqjf@gmail.com 8], Поле возраст НЕ является числом от 10 до 99 
Поле имени содержит НЕ только буквы, Михаил666 jtczdhuvyu@mail.ru 87 
Поле имени содержит НЕ только буквы, Мария666 hcz@mail.ru 49 
Ошибка в строке [], НЕ присутсвуют все три поля, строка № 3595 
Ошибка в строке [Нагиев 34 xazkz@gmail.com], invalid literal for int() with base 10: 'xazkz@gmail.com' 
Поле имени содержит НЕ только буквы, Нагиев!!!!1 pekyd@ya.ru 59 
Ошибка в строке [Сянцзян ptuwk@mail.ru 101], Поле возраст НЕ является числом от 10 до 99 
Ошибка в строке [Степан pgunwi@gmail.com 101], Поле возраст НЕ является числом от 10 до 99 
Ошибка в строке [], НЕ присутсвуют все три поля, строка № 3619 
Ошибка в строке [Чехова dxkrhlt@mail.ru 8], Поле возраст НЕ является числом от 10 до 99 
Ошибка в строке [Ярослав 68 zyb.ru], invalid literal for int() with base 10: 'zyb.ru' 
Ошибка в строке [Артём avc@mail.ru 7], Поле возраст НЕ является числом от 10 до 99 
Ошибка в строке [Яочуан yevr@gmail.com 101], Поле возраст НЕ является числом от 10 до 99 
Ошибка в строке [Владимир 60 ldyuyv@gmail.com], invalid literal for int() with base 10: 'ldyuyv@gmail.com' 
Поле имени содержит НЕ только буквы, Геннадий666 dvgwstof@mail.ru 61 
Поле имени содержит НЕ только буквы, Тролль666 jwnlr@mail.ru 92 
Ошибка в строке [Ли mdwje@mail.ru 7], Поле возраст НЕ является числом от 10 до 99 
Ошибка в строке [Волочкова zruagjjubo@mail.ru 101], Поле возраст НЕ является числом от 10 до 99 
Ошибка в строке [Равшан 94 uhddv@ya.ru], invalid literal for int() with base 10: 'uhddv@ya.ru' 
Ошибка в строке [Сянцзян mcbq@mail.ru 7], Поле возраст НЕ является числом от 10 до 99 
Error in Ли, param list index out of range 
Ошибка в строке [Анна bcmncsiazj@mail.ru 8], Поле возраст НЕ является числом от 10 до 99 
Ошибка в строке [Чехова cmedyzdmuf@ya.ru 8], Поле возраст НЕ является числом от 10 до 99 
Ошибка в строке [Ван swcpzgfqk@gmail.com 9], Поле возраст НЕ является числом от 10 до 99 
Поле имени содержит НЕ только буквы, Ли666 viperac@gmail.com 11 
Ошибка в строке [], НЕ присутсвуют все три поля, строка № 3789 
Ошибка в строке [Джигурда cazcggmh@mail.ru 101], Поле возраст НЕ является числом от 10 до 99 
Ошибка в строке [Ольга vmtulqovl@ya.ru 100], Поле возраст НЕ является числом от 10 до 99 
поле возраст НЕ является числом от 10 до 99, в строке Ван llrvnboy 82 
Поле имени содержит НЕ только буквы, Бузова666 stwxu@ya.ru 82 
Ошибка в строке [Джамшут osi@ya.ru 101], Поле возраст НЕ является числом от 10 до 99 
поле возраст НЕ является числом от 10 до 99, в строке Джигурда xkfigvam 51 
Поле имени содержит НЕ только буквы, Бузова666 rihao@mail.ru 91 
Поле имени содержит НЕ только буквы, Хенг666 fuznbykkpo@gmail.com 56 
Поле имени содержит НЕ только буквы, Артём42 eejjr@ya.ru 30 
Ошибка в строке [Ли lbrlgdc@gmail.com 101], Поле возраст НЕ является числом от 10 до 99 
Error in acesfkx, param list index out of range 
Error in Ван ksjxcbk@gmail.com, param list index out of range 
Поле имени содержит НЕ только буквы, Геннадий42 daflhhwdg@mail.ru 67 
Error in Степан 37, param list index out of range 
Поле имени содержит НЕ только буквы, Тролль42 kqgwru@ya.ru 37 
Ошибка в строке [Геннадий ffr@ya.ru 7], Поле возраст НЕ является числом от 10 до 99 
Поле имени содержит НЕ только буквы, Хенг666 lwiirkclhq@ya.ru 29 
Ошибка в строке [Волочкова tdddmgika@ya.ru 9], Поле возраст НЕ является числом от 10 до 99 
Error in Хенг, param list index out of range 
Поле имени содержит НЕ только буквы, Ли666 kphzoum@ya.ru 94 
Ошибка в строке [Чонгкун ycggmccqfigvam 7], Поле возраст НЕ является числом от 10 до 99 
Поле имени содержит НЕ только буквы, Ли42 wxexmgqlv@mail.ru 57 
Ошибка в строке [Михаил smihac@ya.ru 9], Поле возраст НЕ является числом от 10 до 99 
Поле имени содержит НЕ только буквы, Пенг42 jdknfivgid@ya.ru 24 
Поле имени содержит НЕ только буквы, Гнойный666 xjbx@gmail.com 78 
поле возраст НЕ является числом от 10 до 99, в строке Джигурда zmjc 45 
Error in Земфира, param list index out of range 
Error in 99, param list index out of range 
Ошибка в строке [Равшан yy@gmail.com 100], Поле возраст НЕ является числом от 10 до 99 
Ошибка в строке [], НЕ присутсвуют все три поля, строка № 4039 
Ошибка в строке [Владимир xas@ya.ru 101], Поле возраст НЕ является числом от 10 до 99 
Ошибка в строке [Нагиев gtckxtsg@gmail.com 8], Поле возраст НЕ является числом от 10 до 99 
Error in Владимир, param list index out of range 
Error in Ольга 77, param list index out of range 
Error in hbqvvgvyv@gmail.com, param list index out of range 
Ошибка в строке [Степан jrahedkro.ru 100], Поле возраст НЕ является числом от 10 до 99 
Ошибка в строке [Анна frnm@ya.ru 9], Поле возраст НЕ является числом от 10 до 99 
Ошибка в строке [Ли rlobsdxnkm@ya.ru 101], Поле возраст НЕ является числом от 10 до 99 
поле возраст НЕ является числом от 10 до 99, в строке Ли zocmhhldtxfigvam 33 
Ошибка в строке [Дмитрий dpado@ya.ru 101], Поле возраст НЕ является числом от 10 до 99 
Поле имени содержит НЕ только буквы, Сянцзян!!!!1 cqc@mail.ru 79 
Error in Нагиев zobbamthn@ya.ru, param list index out of range 
Error in Артём pbxxpkp@mail.ru, param list index out of range 
Error in Ольга swxjl@ya.ru, param list index out of range 
поле возраст НЕ является числом от 10 до 99, в строке Михаил ogaptxrw 10 
поле возраст НЕ является числом от 10 до 99, в строке Чехова ikkjvfigvam 83 
Error in 54, param list index out of range 
Поле имени содержит НЕ только буквы, Михаил666 mavzyuda@gmail.com 61 
Ошибка в строке [Ольга 20 oja@ya.ru], invalid literal for int() with base 10: 'oja@ya.ru' 
Ошибка в строке [Сянцзян qvujdw@mail.ru 8], Поле возраст НЕ является числом от 10 до 99 
Error in Ли xinydgkyz, param list index out of range 
Ошибка в строке [Дмитрий!!!!1 cfortxov@gmail.com 100], Поле возраст НЕ является числом от 10 до 99 
Ошибка в строке [Пенг sojqh@mail.ru 100], Поле возраст НЕ является числом от 10 до 99 
Error in Ли 73, param list index out of range 
Ошибка в строке [Муммий tdlgluv@mail.ru 8], Поле возраст НЕ является числом от 10 до 99 
Ошибка в строке [Пенг lm@ya.ru 100], Поле возраст НЕ является числом от 10 до 99 
Ошибка в строке [Пенг azomitvegl@mail.ru 101], Поле возраст НЕ является числом от 10 до 99 
Ошибка в строке [Пенг 41 hivhqztutj@ya.ru], invalid literal for int() with base 10: 'hivhqztutj@ya.ru' 
Ошибка в строке [Геннадий ahmh@mail.ru 7], Поле возраст НЕ является числом от 10 до 99 
поле возраст НЕ является числом от 10 до 99, в строке Бузова khsfbnfigvam 10 
Ошибка в строке [Пенг 12 epj@gmail.com], invalid literal for int() with base 10: 'epj@gmail.com' 
поле возраст НЕ является числом от 10 до 99, в строке Дмитрий ka 54 
Ошибка в строке [Владимир uxo@mail.ru 8], Поле возраст НЕ является числом от 10 до 99 
Ошибка в строке [Ли mbshdfcuq@mail.ru 9], Поле возраст НЕ является числом от 10 до 99 
Ошибка в строке [], НЕ присутсвуют все три поля, строка № 4348 
Поле имени содержит НЕ только буквы, Пенг666 hsj@ya.ru 39 
Поле имени содержит НЕ только буквы, Равшан!!!!1 dvmncadh@ya.ru 50 
Ошибка в строке [Владимир pjrehnjr@gmail.com 8], Поле возраст НЕ является числом от 10 до 99 
поле возраст НЕ является числом от 10 до 99, в строке Земфира qnrfigvam 38 
Error in jq@gmail.com, param list index out of range 
Ошибка в строке [Хенг hqg@ya.ru 7], Поле возраст НЕ является числом от 10 до 99 
Ошибка в строке [Джамшут42 jfde@mail.ru 100], Поле возраст НЕ является числом от 10 до 99 
Ошибка в строке [Джамшут qsjdks@gmail.com 101], Поле возраст НЕ является числом от 10 до 99 
Поле имени содержит НЕ только буквы, Равшан42 vcxkqxf@gmail.com 97 
Ошибка в строке [Геннадий gzrcyd@ya.ru 9], Поле возраст НЕ является числом от 10 до 99 
Ошибка в строке [Степан pvte@mail.ru 101], Поле возраст НЕ является числом от 10 до 99 
Ошибка в строке [Ли kzyqcs@ya.ru 100], Поле возраст НЕ является числом от 10 до 99 
поле возраст НЕ является числом от 10 до 99, в строке Волочкова qsuopb 21 
Error in fpntrectkj@gmail.com, param list index out of range 
Ошибка в строке [Ярослав rlfkb@mail.ru 9], Поле возраст НЕ является числом от 10 до 99 
Ошибка в строке [Равшан errdbsjifd@gmail.com 101], Поле возраст НЕ является числом от 10 до 99 
Ошибка в строке [], НЕ присутсвуют все три поля, строка № 4499 
поле возраст НЕ является числом от 10 до 99, в строке Ли rsfdutfigvam 23 
Поле имени содержит НЕ только буквы, Сянцзян42 njn@gmail.com 12 
Ошибка в строке [Ярослав ureuoho@gmail.com 101], Поле возраст НЕ является числом от 10 до 99 
Ошибка в строке [Сянцзян vapnupu@ya.ru 100], Поле возраст НЕ является числом от 10 до 99 
Ошибка в строке [Владимир 26 tgovvpmv@ya.ru], invalid literal for int() with base 10: 'tgovvpmv@ya.ru' 
Поле имени содержит НЕ только буквы, Михаил42 yrzsids@gmail.com 87 
Ошибка в строке [Чонгкун 22 uvb@mail.ru], invalid literal for int() with base 10: 'uvb@mail.ru' 
Ошибка в строке [], НЕ присутсвуют все три поля, строка № 4556 
Ошибка в строке [Анна tgfxv@ya.ru 100], Поле возраст НЕ является числом от 10 до 99 
Ошибка в строке [Ольга 37 gq@mail.ru], invalid literal for int() with base 10: 'gq@mail.ru' 
Поле имени содержит НЕ только буквы, Артём42 fczwr@gmail.com 48 
Ошибка в строке [Нагиев 46 ptqls@ya.ru], invalid literal for int() with base 10: 'ptqls@ya.ru' 
Ошибка в строке [Джигурда ztummrmgo@mail.ru 7], Поле возраст НЕ является числом от 10 до 99 
Поле имени содержит НЕ только буквы, Нагиев!!!!1 xwrvlg@ya.ru 78 
Поле имени содержит НЕ только буквы, Хенг!!!!1 cblioh@mail.ru 34 
Error in 47, param list index out of range 
Поле имени содержит НЕ только буквы, Анна666 fsfop@mail.ru 58 
Поле имени содержит НЕ только буквы, Джигурда!!!!1 isgmd@gmail.com 99 
Error in Чехова, param list index out of range 
Ошибка в строке [Тролль spdkqaktn@ya.ru 9], Поле возраст НЕ является числом от 10 до 99 
Ошибка в строке [Ярослав xpkehoe@gmail.com 8], Поле возраст НЕ является числом от 10 до 99 
Ошибка в строке [Ольга xwyvp@ya.ru 8], Поле возраст НЕ является числом от 10 до 99 
Ошибка в строке [Степан gd@ya.ru 9], Поле возраст НЕ является числом от 10 до 99 
Поле имени содержит НЕ только буквы, Пенг42 wouu@ya.ru 31 
Error in Джамшут 31, param list index out of range 
Ошибка в строке [Хенг 58 ebsip@gmail.com], invalid literal for int() with base 10: 'ebsip@gmail.com' 
Поле имени содержит НЕ только буквы, Волочкова666 iooulyqpni@mail.ru 42 
Ошибка в строке [Гнойный kesd@mail.ru 100], Поле возраст НЕ является числом от 10 до 99 
Ошибка в строке [Равшан ubznniijoz@gmail.com 8], Поле возраст НЕ является числом от 10 до 99 
Ошибка в строке [Анна obdw@mail.ru 100], Поле возраст НЕ является числом от 10 до 99 
Ошибка в строке [Ли 12 lpe@gmail.com], invalid literal for int() with base 10: 'lpe@gmail.com' 
Ошибка в строке [Ольга 44 rwrakjr@gmail.com], invalid literal for int() with base 10: 'rwrakjr@gmail.com' 
Ошибка в строке [Тролль hgtc@gmail.com 101], Поле возраст НЕ является числом от 10 до 99 
Ошибка в строке [Артём afbd@mail.ru 101], Поле возраст НЕ является числом от 10 до 99 
Error in Муммий, param list index out of range 
Ошибка в строке [Геннадий666 fkz@mail.ru 7], Поле возраст НЕ является числом от 10 до 99 
Ошибка в строке [], НЕ присутсвуют все три поля, строка № 4849 
Поле имени содержит НЕ только буквы, Земфира42 ydcmpreuzy@ya.ru 55 
Ошибка в строке [Степан byjxrtlc@gmail.com 9], Поле возраст НЕ является числом от 10 до 99 
Поле имени содержит НЕ только буквы, Нагиев!!!!1 knxrnmi@ya.ru 18 
Поле имени содержит НЕ только буквы, Сянцзян42 xz@ya.ru 18 
Ошибка в строке [Мария qact@mail.ru 9], Поле возраст НЕ является числом от 10 до 99 
Ошибка в строке [Михаил jpcoyszthd@mail.ru 9], Поле возраст НЕ является числом от 10 до 99 
Ошибка в строке [Геннадий fhi@ya.ru 101], Поле возраст НЕ является числом от 10 до 99 
Ошибка в строке [Ван zqtcknx@gmail.com 101], Поле возраст НЕ является числом от 10 до 99 
Поле имени содержит НЕ только буквы, Чехова42 owfqdurm@gmail.com 54 
Ошибка в строке [Дмитрий jh@ya.ru 7], Поле возраст НЕ является числом от 10 до 99 
Ошибка в строке [], НЕ присутсвуют все три поля, строка № 4953 
Поле имени содержит НЕ только буквы, Анна666 zlofysrqh@gmail.com 88 
Поле имени содержит НЕ только буквы, Земфира666 ckgpqmeryl@gmail.com 67 
Ошибка в строке [Геннадий 22 anqexnqa@ya.ru], invalid literal for int() with base 10: 'anqexnqa@ya.ru' 
Поле имени содержит НЕ только буквы, Владимир666 mgb@ya.ru 59 
Ошибка в строке [Нагиев lntfigvam 101], Поле возраст НЕ является числом от 10 до 99 
Ошибка в строке [Джигурда uaz@gmail.com 8], Поле возраст НЕ является числом от 10 до 99 
Ошибка в строке [Анна pqhgfwigty@mail.ru 7], Поле возраст НЕ является числом от 10 до 99 
Ошибка в строке [Джигурда fs@ya.ru 101], Поле возраст НЕ является числом от 10 до 99 
Ошибка в строке [Ли mfxvkzt@ya.ru 8], Поле возраст НЕ является числом от 10 до 99 
поле возраст НЕ является числом от 10 до 99, в строке Ольга hmmrfigvam 88 
Ошибка в строке [Анна qqsjrtws@mail.ru 100], Поле возраст НЕ является числом от 10 до 99 
Поле имени содержит НЕ только буквы, Нагиев42 lfsisf@ya.ru 36 
Ошибка в строке [Ли pfcr@ya.ru 101], Поле возраст НЕ является числом от 10 до 99 
Ошибка в строке [Ярослав pmibrp@ya.ru 101], Поле возраст НЕ является числом от 10 до 99 
Поле имени содержит НЕ только буквы, Дмитрий!!!!1 mtn@gmail.com 53 
Ошибка в строке [Тролль hzpxkklxaa@ya.ru 101], Поле возраст НЕ является числом от 10 до 99 
Ошибка в строке [Ван wreyyazwj@ya.ru 101], Поле возраст НЕ является числом от 10 до 99 
Error in Сянцзян 101, param list index out of range 
поле возраст НЕ является числом от 10 до 99, в строке Муммий zoxml 68 
Ошибка в строке [Ван ysnemx@gmail.com 7], Поле возраст НЕ является числом от 10 до 99 
поле возраст НЕ является числом от 10 до 99, в строке Чехова blwlpw 73 
Ошибка в строке [Дмитрий ddfljsbst@gmail.com 9], Поле возраст НЕ является числом от 10 до 99 
Ошибка в строке [Артём affbrmzi@mail.ru 8], Поле возраст НЕ является числом от 10 до 99 
Поле имени содержит НЕ только буквы, Хенг!!!!1 ploqax@mail.ru 90 
Error in 10 kfkzlg@mail.ru, param list index out of range 
Ошибка в строке [Владимир gfltut@gmail.com 8], Поле возраст НЕ является числом от 10 до 99 
поле возраст НЕ является числом от 10 до 99, в строке Ярослав qvbiichydh 27 
Ошибка в строке [Пенг vvzxlrgg@ya.ru 100], Поле возраст НЕ является числом от 10 до 99 
Ошибка в строке [Владимир naciwer@gmail.com 8], Поле возраст НЕ является числом от 10 до 99 
Ошибка в строке [Земфира kebiiemny@ya.ru 101], Поле возраст НЕ является числом от 10 до 99 
Ошибка в строке [Ван bptghqopkc@gmail.com 101], Поле возраст НЕ является числом от 10 до 99 
поле возраст НЕ является числом от 10 до 99, в строке Владимир kpiefigvam 18 
поле возраст НЕ является числом от 10 до 99, в строке Ярослав qglqvcgo 43 
Ошибка в строке [], НЕ присутсвуют все три поля, строка № 5219 
Поле имени содержит НЕ только буквы, Нагиев666 ykj@gmail.com 18 
Ошибка в строке [Бузова 21 yixcbjtl@ya.ru], invalid literal for int() with base 10: 'yixcbjtl@ya.ru' 
Поле имени содержит НЕ только буквы, Джигурда42 hwf@mail.ru 85 
Поле имени содержит НЕ только буквы, Ольга666 yiykos@mail.ru 23 
Поле имени содержит НЕ только буквы, Тролль42 kakcexaoto.ru 98 
Поле имени содержит НЕ только буквы, Дмитрий42 oghektepxm@ya.ru 51 
Ошибка в строке [Волочкова erem@ya.ru 101], Поле возраст НЕ является числом от 10 до 99 
Ошибка в строке [Ван pvexq@ya.ru 101], Поле возраст НЕ является числом от 10 до 99 
Поле имени содержит НЕ только буквы, Джамшут666 mhun@ya.ru 83 
Error in Степан 9, param list index out of range 
поле возраст НЕ является числом от 10 до 99, в строке Сянцзян kemwofigvam 80 
Ошибка в строке [Равшан rrm@ya.ru 101], Поле возраст НЕ является числом от 10 до 99 
Поле имени содержит НЕ только буквы, Гнойный666 ckxy@mail.ru 98 
Ошибка в строке [Ли alravwh@gmail.com 8], Поле возраст НЕ является числом от 10 до 99 
Error in Пенг 49, param list index out of range 
Ошибка в строке [Степан mijnf@gmail.com 9], Поле возраст НЕ является числом от 10 до 99 
Ошибка в строке [], НЕ присутсвуют все три поля, строка № 5453 
Поле имени содержит НЕ только буквы, Михаил666 tlgrqqw@ya.ru 51 
Ошибка в строке [Ли 30 shgijkhj@ya.ru], invalid literal for int() with base 10: 'shgijkhj@ya.ru' 
поле возраст НЕ является числом от 10 до 99, в строке Артём jqvuaztxdufigvam 41 
Error in Яочуан, param list index out of range 
поле возраст НЕ является числом от 10 до 99, в строке Дмитрий qxkuijl 73 
Поле имени содержит НЕ только буквы, Тролль!!!!1 zylxlgct@gmail.com 17 
Error in lpr@gmail.com, param list index out of range 
Ошибка в строке [Пенг hwgiiv@gmail.com 9], Поле возраст НЕ является числом от 10 до 99 
Поле имени содержит НЕ только буквы, Муммий42 jhvwrdquj@gmail.com 60 
Ошибка в строке [Джигурда ohjtabz@ya.ru 8], Поле возраст НЕ является числом от 10 до 99 
Поле имени содержит НЕ только буквы, Ван666 ggdwflel@mail.ru 74 
Error in Равшан mnyqvc@ya.ru, param list index out of range 
поле возраст НЕ является числом от 10 до 99, в строке Равшан bui 81 
Error in Ван, param list index out of range 
Поле имени содержит НЕ только буквы, Чехова42 mf@ya.ru 64 
Error in Михаил, param list index out of range 
Ошибка в строке [Мария jg@mail.ru 7], Поле возраст НЕ является числом от 10 до 99 
Ошибка в строке [Пенг wmdcuhomzg@gmail.com 7], Поле возраст НЕ является числом от 10 до 99 
Ошибка в строке [Ольга kdxkedpoql@mail.ru 7], Поле возраст НЕ является числом от 10 до 99 
Поле имени содержит НЕ только буквы, Артём!!!!1 qinssdk@ya.ru 32 
Ошибка в строке [Земфира kkroewjxde@ya.ru 100], Поле возраст НЕ является числом от 10 до 99 
Ошибка в строке [Чехова wtgyeyaoby@gmail.com 7], Поле возраст НЕ является числом от 10 до 99 
Ошибка в строке [Михаил ymmoepdgd@ya.ru 7], Поле возраст НЕ является числом от 10 до 99 
Ошибка в строке [Дмитрий 53 js@mail.ru], invalid literal for int() with base 10: 'js@mail.ru' 
Ошибка в строке [], НЕ присутсвуют все три поля, строка № 5644 
Ошибка в строке [Михаил bcjpxcnlo@gmail.com 8], Поле возраст НЕ является числом от 10 до 99 
Поле имени содержит НЕ только буквы, Муммий!!!!1 hjithai@gmail.com 67 
Ошибка в строке [Мария 69 ombx@ya.ru], invalid literal for int() with base 10: 'ombx@ya.ru' 
Ошибка в строке [Земфира wamfb@gmail.com 7], Поле возраст НЕ является числом от 10 до 99 
поле возраст НЕ является числом от 10 до 99, в строке Дмитрий mnfyuda 63 
Поле имени содержит НЕ только буквы, Ли42 luyqxgeegp@gmail.com 88 
Поле имени содержит НЕ только буквы, Джамшут42 ktkajqsi@ya.ru 15 
Ошибка в строке [Чонгкун 43 joakkqrec@gmail.com], invalid literal for int() with base 10: 'joakkqrec@gmail.com' 
Поле имени содержит НЕ только буквы, Равшан42 hp@mail.ru 87 
Ошибка в строке [Волочкова nn@ya.ru 101], Поле возраст НЕ является числом от 10 до 99 
Error in 14 ooxxpscf@mail.ru, param list index out of range 
Ошибка в строке [Тролль ohnf@ya.ru 101], Поле возраст НЕ является числом от 10 до 99 
Error in Владимир pxlqrob@ya.ru, param list index out of range 
Ошибка в строке [Мария edzii@ya.ru 100], Поле возраст НЕ является числом от 10 до 99 
Error in Земфира bj@ya.ru, param list index out of range 
Error in Дмитрий 58, param list index out of range 
Ошибка в строке [], НЕ присутсвуют все три поля, строка № 5764 
Поле имени содержит НЕ только буквы, Ли666 qrjdpmy@mail.ru 96 
Поле имени содержит НЕ только буквы, Степан666 jvxqidcl@gmail.com 31 
Ошибка в строке [Чонгкун ajwdvtf@mail.ru 7], Поле возраст НЕ является числом от 10 до 99 
Ошибка в строке [Ван ssrypdn@ya.ru 101], Поле возраст НЕ является числом от 10 до 99 
Ошибка в строке [Бузова bm@gmail.com 100], Поле возраст НЕ является числом от 10 до 99 
Ошибка в строке [Чехова goic@mail.ru 101], Поле возраст НЕ является числом от 10 до 99 
Поле имени содержит НЕ только буквы, Яочуан666 dbgbcbq@gmail.com 67 
Поле имени содержит НЕ только буквы, Чонгкун!!!!1 qembh@ya.ru 91 
Ошибка в строке [Равшан tmybye@gmail.com 100], Поле возраст НЕ является числом от 10 до 99 
Error in 21 ojuqqls@mail.ru, param list index out of range 
Ошибка в строке [], НЕ присутсвуют все три поля, строка № 5868 
Ошибка в строке [Джигурда hqjpqiuh@gmail.com 7], Поле возраст НЕ является числом от 10 до 99 
Ошибка в строке [Яочуан ypujo@mail.ru 9], Поле возраст НЕ является числом от 10 до 99 
Поле имени содержит НЕ только буквы, Волочкова!!!!1 ln@ya.ru 66 
Ошибка в строке [Артём 64 pmcjigwzx@ya.ru], invalid literal for int() with base 10: 'pmcjigwzx@ya.ru' 
Ошибка в строке [Геннадий wskie@gmail.com 8], Поле возраст НЕ является числом от 10 до 99 
поле возраст НЕ является числом от 10 до 99, в строке Муммий nmwfzhopkrfigvam 34 
Поле имени содержит НЕ только буквы, Пенг42 dqcph@mail.ru 37 
Ошибка в строке [], НЕ присутсвуют все три поля, строка № 5900 
Error in 91, param list index out of range 
Ошибка в строке [Геннадий 57 qha@ya.ru], invalid literal for int() with base 10: 'qha@ya.ru' 
Поле имени содержит НЕ только буквы, Волочкова42 cal@ya.ru 95 
Error in 40 utgz@ya.ru, param list index out of range 
Поле имени содержит НЕ только буквы, Сянцзян42 te@gmail.com 93 
Поле имени содержит НЕ только буквы, Муммий42 fhtyashoe@ya.ru 93 
Ошибка в строке [], НЕ присутсвуют все три поля, строка № 5945 
Ошибка в строке [Джигурда 79 lsifigvam], invalid literal for int() with base 10: 'lsifigvam' 
Ошибка в строке [Геннадий zoonmmm@ya.ru 101], Поле возраст НЕ является числом от 10 до 99 
Ошибка в строке [Анна rpumuguesa@mail.ru 101], Поле возраст НЕ является числом от 10 до 99 
Поле имени содержит НЕ только буквы, Мария!!!!1 gqxmebqau@mail.ru 50 
Ошибка в строке [Земфира pntiproy@gmail.com 7], Поле возраст НЕ является числом от 10 до 99 
Ошибка в строке [Джамшут ubbcxo@mail.ru 7], Поле возраст НЕ является числом от 10 до 99 
Ошибка в строке [Земфира timjdfxxb@mail.ru 100], Поле возраст НЕ является числом от 10 до 99 
Поле имени содержит НЕ только буквы, Ван42 tf@mail.ru 52 
Error in qxibm@gmail.com, param list index out of range 
Ошибка в строке [], НЕ присутсвуют все три поля, строка № 6023 
Поле имени содержит НЕ только буквы, Дмитрий!!!!1 dbow@gmail.com 70 
Ошибка в строке [Дмитрий unkl@mail.ru 100], Поле возраст НЕ является числом от 10 до 99 
Ошибка в строке [Джамшут 51 maoqhoiq@mail.ru], invalid literal for int() with base 10: 'maoqhoiq@mail.ru' 
Ошибка в строке [Муммий tmwj@gmail.com 7], Поле возраст НЕ является числом от 10 до 99 
поле возраст НЕ является числом от 10 до 99, в строке Муммий oxtxopwnrjfigvam 18 
Поле имени содержит НЕ только буквы, Нагиев42 lrapsu@gmail.com 35 
Ошибка в строке [Сянцзян fem@mail.ru 7], Поле возраст НЕ является числом от 10 до 99 
Поле имени содержит НЕ только буквы, Ли42 rrqqqij@mail.ru 70 
Ошибка в строке [Дмитрий mvqwrord@gmail.com 7], Поле возраст НЕ является числом от 10 до 99 
Ошибка в строке [Артём 43 dnp@ya.ru], invalid literal for int() with base 10: 'dnp@ya.ru' 
Ошибка в строке [Хенг aw@gmail.com 9], Поле возраст НЕ является числом от 10 до 99 
Ошибка в строке [Ярослав ueww@mail.ru 100], Поле возраст НЕ является числом от 10 до 99 
Ошибка в строке [Ярослав vytzy@gmail.com 101], Поле возраст НЕ является числом от 10 до 99 
Ошибка в строке [], НЕ присутсвуют все три поля, строка № 6149 
Ошибка в строке [], НЕ присутсвуют все три поля, строка № 6153 
Ошибка в строке [], НЕ присутсвуют все три поля, строка № 6158 
Ошибка в строке [Владимир 28 an@mail.ru], invalid literal for int() with base 10: 'an@mail.ru' 
Ошибка в строке [Гнойный yfucubanov@ya.ru 101], Поле возраст НЕ является числом от 10 до 99 
Поле имени содержит НЕ только буквы, Бузова666 puhl@mail.ru 66 
Ошибка в строке [Владимир pazefbeg@mail.ru 8], Поле возраст НЕ является числом от 10 до 99 
Ошибка в строке [Мария ihvi@mail.ru 8], Поле возраст НЕ является числом от 10 до 99 
Ошибка в строке [Степан ayrjjzed@mail.ru 100], Поле возраст НЕ является числом от 10 до 99 
Error in 45, param list index out of range 
Ошибка в строке [Чехова rvrscke@gmail.com 101], Поле возраст НЕ является числом от 10 до 99 
Error in 79 uybshtbgyy@gmail.com, param list index out of range 
Error in Михаил 44, param list index out of range 
Поле имени содержит НЕ только буквы, Муммий42 pawd@mail.ru 74 
Ошибка в строке [Ли vf@ya.ru 101], Поле возраст НЕ является числом от 10 до 99 
Ошибка в строке [], НЕ присутсвуют все три поля, строка № 6251 
Ошибка в строке [Владимир vbvzuilfiw@mail.ru 8], Поле возраст НЕ является числом от 10 до 99 
Error in 25, param list index out of range 
Поле имени содержит НЕ только буквы, Ярослав666 fuxp@gmail.com 12 
поле возраст НЕ является числом от 10 до 99, в строке Равшан qfkqfigvam 82 
Поле имени содержит НЕ только буквы, Мария666 st@mail.ru 91 
Ошибка в строке [Михаил 40 aymkhugwng@mail.ru], invalid literal for int() with base 10: 'aymkhugwng@mail.ru' 
Error in sigaezard@gmail.com, param list index out of range 
Ошибка в строке [Муммий 25 xmxdjgk@gmail.com], invalid literal for int() with base 10: 'xmxdjgk@gmail.com' 
Поле имени содержит НЕ только буквы, Муммий!!!!1 wjplpskc@mail.ru 14 
Ошибка в строке [], НЕ присутсвуют все три поля, строка № 6378 
поле возраст НЕ является числом от 10 до 99, в строке Артём ueebpkyfigvam 80 
Ошибка в строке [Земфира gwihlyfy@gmail.com 101], Поле возраст НЕ является числом от 10 до 99 
Ошибка в строке [], НЕ присутсвуют все три поля, строка № 6395 
Ошибка в строке [Яочуан hilxryf@gmail.com 101], Поле возраст НЕ является числом от 10 до 99 
поле возраст НЕ является числом от 10 до 99, в строке Хенг opcaffkfigvam 38 
Поле имени содержит НЕ только буквы, Чонгкун42 furhqlmdf@mail.ru 31 
Ошибка в строке [Сянцзян qdvz@gmail.com 8], Поле возраст НЕ является числом от 10 до 99 
Поле имени содержит НЕ только буквы, Степан!!!!1 vuieqxn@mail.ru 79 
поле возраст НЕ является числом от 10 до 99, в строке Муммий cdssxrpfigvam 26 
Поле имени содержит НЕ только буквы, Пенг!!!!1 jsatsc@mail.ru 70 
поле возраст НЕ является числом от 10 до 99, в строке Тролль tqqr 55 
Ошибка в строке [Пенг fdlpdijbwn@ya.ru 100], Поле возраст НЕ является числом от 10 до 99 
Поле имени содержит НЕ только буквы, Владимир42 pc@ya.ru 68 
Ошибка в строке [], НЕ присутсвуют все три поля, строка № 6550 
Ошибка в строке [Артём bphgql@ya.ru 9], Поле возраст НЕ является числом от 10 до 99 
Ошибка в строке [Артём cnbkekcprn@gmail.com 101], Поле возраст НЕ является числом от 10 до 99 
Поле имени содержит НЕ только буквы, Дмитрий666 ktflybe@gmail.com 28 
Поле имени содержит НЕ только буквы, Земфира!!!!1 bb@mail.ru 13 
Поле имени содержит НЕ только буквы, Ольга!!!!1 estofkaeg@gmail.com 93 
Ошибка в строке [Земфира knzuvzxjbz@mail.ru 9], Поле возраст НЕ является числом от 10 до 99 
Error in Гнойный 79, param list index out of range 
Ошибка в строке [Ли unubujw@ya.ru 9], Поле возраст НЕ является числом от 10 до 99 
Ошибка в строке [], НЕ присутсвуют все три поля, строка № 6620 
Error in 65 ms@ya.ru, param list index out of range 
Ошибка в строке [Тролль knnuahehn@mail.ru 7], Поле возраст НЕ является числом от 10 до 99 
Поле имени содержит НЕ только буквы, Яочуан42 fwu@gmail.com 80 
Поле имени содержит НЕ только буквы, Ольга666 afxahwgcma@ya.ru 98 
Ошибка в строке [Джамшут ocvignginp@mail.ru 100], Поле возраст НЕ является числом от 10 до 99 
поле возраст НЕ является числом от 10 до 99, в строке Яочуан wieyfigvam 64 
Поле имени содержит НЕ только буквы, Ван!!!!1 sqceyont@ya.ru 24 
Ошибка в строке [Сянцзян khvkdpeo@mail.ru 9], Поле возраст НЕ является числом от 10 до 99 
Ошибка в строке [], НЕ присутсвуют все три поля, строка № 6686 
Поле имени содержит НЕ только буквы, Сянцзян666 fycwqkqdmu@gmail.com 74 
Ошибка в строке [Геннадий tylyk.ru 101], Поле возраст НЕ является числом от 10 до 99 
Поле имени содержит НЕ только буквы, Нагиев666 vguk@ya.ru 42 
Ошибка в строке [Анна hgedd@ya.ru 101], Поле возраст НЕ является числом от 10 до 99 
Error in Бузова 61, param list index out of range 
Ошибка в строке [Ван ascadyoz@gmail.com 101], Поле возраст НЕ является числом от 10 до 99 
поле возраст НЕ является числом от 10 до 99, в строке Нагиев kgfa 98 
Поле имени содержит НЕ только буквы, Земфира666 imgbvdy@mail.ru 82 
Error in 31 vx@gmail.com, param list index out of range 
Ошибка в строке [Тролль yqspypob@gmail.com 9], Поле возраст НЕ является числом от 10 до 99 
Ошибка в строке [], НЕ присутсвуют все три поля, строка № 6723 
Поле имени содержит НЕ только буквы, Анна42 hyrlnugixsfigvam 42 
Error in Ольга, param list index out of range 
Поле имени содержит НЕ только буквы, Геннадий666 hlfrxbq@ya.ru 38 
Поле имени содержит НЕ только буквы, Степан!!!!1 haudkniw@ya.ru 97 
Ошибка в строке [Дмитрий rkycgpt@mail.ru 100], Поле возраст НЕ является числом от 10 до 99 
Поле имени содержит НЕ только буквы, Пенг666 lcxemzac@gmail.com 28 
Поле имени содержит НЕ только буквы, Ли!!!!1 izok@mail.ru 78 
Поле имени содержит НЕ только буквы, Михаил666 ci@mail.ru 28 
Поле имени содержит НЕ только буквы, Бузова42 utzeyox@gmail.com 49 
Поле имени содержит НЕ только буквы, Яочуан666 pstkv@gmail.com 74 
Ошибка в строке [], НЕ присутсвуют все три поля, строка № 6776 
Error in 59, param list index out of range 
Error in 19 mwsfzxffo@mail.ru, param list index out of range 
Ошибка в строке [Геннадий lgquvjrajh@mail.ru 9], Поле возраст НЕ является числом от 10 до 99 
Ошибка в строке [Ли fjg@gmail.com 9], Поле возраст НЕ является числом от 10 до 99 
Ошибка в строке [Тролль zbma@ya.ru 9], Поле возраст НЕ является числом от 10 до 99 
Error in 101, param list index out of range 
поле возраст НЕ является числом от 10 до 99, в строке Геннадий eqnfdntfigvam 17 
Поле имени содержит НЕ только буквы, Муммий!!!!1 maybgyk@ya.ru 29 
Ошибка в строке [Гнойный atnzrka@gmail.com 9], Поле возраст НЕ является числом от 10 до 99 
Поле имени содержит НЕ только буквы, Пенг666 ct@gmail.com 15 
Ошибка в строке [Ярослав vaftsheeit@ya.ru 100], Поле возраст НЕ является числом от 10 до 99 
Ошибка в строке [Тролль!!!!1 hwvpj@gmail.com 101], Поле возраст НЕ является числом от 10 до 99 
Поле имени содержит НЕ только буквы, Мария!!!!1 xoaedtfw@gmail.com 58 
Ошибка в строке [Степан np@ya.ru 8], Поле возраст НЕ является числом от 10 до 99 
поле возраст НЕ является числом от 10 до 99, в строке Пенг dqlvzgzxu 50 
Ошибка в строке [Муммий zu@ya.ru 8], Поле возраст НЕ является числом от 10 до 99 
поле возраст НЕ является числом от 10 до 99, в строке Хенг salvyr 44 
Error in Земфира gidfsotke@mail.ru, param list index out of range 
Ошибка в строке [Владимир qzf@mail.ru 101], Поле возраст НЕ является числом от 10 до 99 
Ошибка в строке [Ли hovojhicdh@gmail.com 9], Поле возраст НЕ является числом от 10 до 99 
поле возраст НЕ является числом от 10 до 99, в строке Чехова icfigvam 36 
Ошибка в строке [Дмитрий worhalkv@ya.ru 8], Поле возраст НЕ является числом от 10 до 99 
Ошибка в строке [Джамшут toycr@gmail.com 100], Поле возраст НЕ является числом от 10 до 99 
Ошибка в строке [Волочкова bhihrlbxu@ya.ru 101], Поле возраст НЕ является числом от 10 до 99 
Поле имени содержит НЕ только буквы, Ольга42 jlp@gmail.com 51 
поле возраст НЕ является числом от 10 до 99, в строке Степан zjmjfigvam 64 
Ошибка в строке [Ли 63 ijy@mail.ru], invalid literal for int() with base 10: 'ijy@mail.ru' 
Поле имени содержит НЕ только буквы, Бузова42 ektbpz@gmail.com 26 
Ошибка в строке [Тролль 57 xvl@mail.ru], invalid literal for int() with base 10: 'xvl@mail.ru' 
Ошибка в строке [Равшан sqbfbr@ya.ru 8], Поле возраст НЕ является числом от 10 до 99 
Поле имени содержит НЕ только буквы, Сянцзян666 eg@gmail.com 19 
Ошибка в строке [], НЕ присутсвуют все три поля, строка № 7080 
Ошибка в строке [Джигурда ti 9], Поле возраст НЕ является числом от 10 до 99 
Ошибка в строке [Чехова trzmfalpx@ya.ru 9], Поле возраст НЕ является числом от 10 до 99 
Поле имени содержит НЕ только буквы, Яочуан42 ytxttprtyu@mail.ru 84 
поле возраст НЕ является числом от 10 до 99, в строке Ольга vwujloyv 99 
Ошибка в строке [Ван ewqk@mail.ru 9], Поле возраст НЕ является числом от 10 до 99 
Ошибка в строке [Нагиев 43 iiodjj@gmail.com], invalid literal for int() with base 10: 'iiodjj@gmail.com' 
Error in 86, param list index out of range 
Ошибка в строке [Ольга inblsue@mail.ru 7], Поле возраст НЕ является числом от 10 до 99 
Error in 27, param list index out of range 
Поле имени содержит НЕ только буквы, Ван42 tycx@gmail.com 81 
Ошибка в строке [Равшан szippc@mail.ru 101], Поле возраст НЕ является числом от 10 до 99 
Ошибка в строке [], НЕ присутсвуют все три поля, строка № 7223 
Поле имени содержит НЕ только буквы, Михаил666 gsgzqswkp@ya.ru 60 
поле возраст НЕ является числом от 10 до 99, в строке Степан pulcbsxuf 21 
Поле имени содержит НЕ только буквы, Геннадий!!!!1 ulffna@gmail.com 74 
Поле имени содержит НЕ только буквы, Артём!!!!1 neuxmabtmm@mail.ru 94 
Ошибка в строке [Гнойный xzddpgpg@ya.ru 100], Поле возраст НЕ является числом от 10 до 99 
Ошибка в строке [], НЕ присутсвуют все три поля, строка № 7294 
Ошибка в строке [Волочкова faagm@ya.ru 101], Поле возраст НЕ является числом от 10 до 99 
Ошибка в строке [Дмитрий db@gmail.com 100], Поле возраст НЕ является числом от 10 до 99 
Ошибка в строке [Геннадий elppvyupu@mail.ru 8], Поле возраст НЕ является числом от 10 до 99 
Error in 34 myr@mail.ru, param list index out of range 
Поле имени содержит НЕ только буквы, Геннадий!!!!1 spgooa@ya.ru 82 
Ошибка в строке [Яочуан wlstx@gmail.com 100], Поле возраст НЕ является числом от 10 до 99 
Ошибка в строке [Ольга orxjlqh@gmail.com 100], Поле возраст НЕ является числом от 10 до 99 
Поле имени содержит НЕ только буквы, Яочуан666 mce@mail.ru 25 
Ошибка в строке [Сянцзян 97 vx@gmail.com], invalid literal for int() with base 10: 'vx@gmail.com' 
Ошибка в строке [Ольга bfym@ya.ru 100], Поле возраст НЕ является числом от 10 до 99 
Error in 45, param list index out of range 
Ошибка в строке [], НЕ присутсвуют все три поля, строка № 7390 
Ошибка в строке [Ярослав irdmrg@mail.ru 9], Поле возраст НЕ является числом от 10 до 99 
Ошибка в строке [Чехова gwytfo@ya.ru 8], Поле возраст НЕ является числом от 10 до 99 
поле возраст НЕ является числом от 10 до 99, в строке Михаил aattyffigvam 34 
поле возраст НЕ является числом от 10 до 99, в строке Тролль qcwjvtn 26 
Error in Джигурда, param list index out of range 
Ошибка в строке [], НЕ присутсвуют все три поля, строка № 7480 
Ошибка в строке [Ли beolypulk@mail.ru 100], Поле возраст НЕ является числом от 10 до 99 
Ошибка в строке [Владимир iyxmijs@ya.ru 101], Поле возраст НЕ является числом от 10 до 99 
Ошибка в строке [Нагиев jutgyl@mail.ru 8], Поле возраст НЕ является числом от 10 до 99 
Поле имени содержит НЕ только буквы, Джигурда42 mbosuaobcn@ya.ru 33 
Ошибка в строке [Пенг pnsxg@ya.ru 9], Поле возраст НЕ является числом от 10 до 99 
Поле имени содержит НЕ только буквы, Владимир42 pwfwj@ya.ru 21 
поле возраст НЕ является числом от 10 до 99, в строке Ли cvhczo 33 
поле возраст НЕ является числом от 10 до 99, в строке Мария efbu 77 
поле возраст НЕ является числом от 10 до 99, в строке Ли svaqehfigvam 77 
Поле имени содержит НЕ только буквы, Чонгкун!!!!1 gffm@gmail.com 20 
Ошибка в строке [], НЕ присутсвуют все три поля, строка № 7557 
поле возраст НЕ является числом от 10 до 99, в строке Равшан bseowqfigvam 42 
Поле имени содержит НЕ только буквы, Джигурда42 tznepble@ya.ru 75 
Ошибка в строке [Джамшут wevesdrh@mail.ru 8], Поле возраст НЕ является числом от 10 до 99 
Ошибка в строке [Муммий yklu@gmail.com 7], Поле возраст НЕ является числом от 10 до 99 
Ошибка в строке [Тролль pwtadxo@gmail.com 8], Поле возраст НЕ является числом от 10 до 99 
Ошибка в строке [Гнойный 62 qeqd@ya.ru], invalid literal for int() with base 10: 'qeqd@ya.ru' 
Поле имени содержит НЕ только буквы, Муммий!!!!1 wqxwzop@ya.ru 61 
Error in Нагиев, param list index out of range 
Ошибка в строке [Яочуан raw@mail.ru 9], Поле возраст НЕ является числом от 10 до 99 
Ошибка в строке [Чехова eydej@ya.ru 101], Поле возраст НЕ является числом от 10 до 99 
поле возраст НЕ является числом от 10 до 99, в строке Джамшут eayzodx 52 
Ошибка в строке [Ольга wgwuu@ya.ru 101], Поле возраст НЕ является числом от 10 до 99 
Ошибка в строке [Геннадий djudzltj@mail.ru 101], Поле возраст НЕ является числом от 10 до 99 
Error in Джигурда, param list index out of range 
Ошибка в строке [Степан yejzxyf@mail.ru 9], Поле возраст НЕ является числом от 10 до 99 
Ошибка в строке [], НЕ присутсвуют все три поля, строка № 7705 
Error in Волочкова 93, param list index out of range 
Ошибка в строке [Пенг qruwcczp.ru 101], Поле возраст НЕ является числом от 10 до 99 
Поле имени содержит НЕ только буквы, Гнойный42 slmdj@gmail.com 28 
Поле имени содержит НЕ только буквы, Ольга!!!!1 yaipm@gmail.com 83 
Ошибка в строке [Сянцзян pliohfbecr@mail.ru 9], Поле возраст НЕ является числом от 10 до 99 
Ошибка в строке [Сянцзян lnlscrhjpe@gmail.com 101], Поле возраст НЕ является числом от 10 до 99 
Ошибка в строке [], НЕ присутсвуют все три поля, строка № 7749 
Ошибка в строке [Нагиев fhxpea@gmail.com 101], Поле возраст НЕ является числом от 10 до 99 
Ошибка в строке [], НЕ присутсвуют все три поля, строка № 7773 
Ошибка в строке [Сянцзян qadxbr@gmail.com 9], Поле возраст НЕ является числом от 10 до 99 
Ошибка в строке [Муммий iqi@ya.ru 100], Поле возраст НЕ является числом от 10 до 99 
Ошибка в строке [Ольга ie@mail.ru 9], Поле возраст НЕ является числом от 10 до 99 
Ошибка в строке [], НЕ присутсвуют все три поля, строка № 7815 
поле возраст НЕ является числом от 10 до 99, в строке Мария dnm 42 
Ошибка в строке [Ли fkp@mail.ru 8], Поле возраст НЕ является числом от 10 до 99 
Поле имени содержит НЕ только буквы, Земфира666 rvhajqvv@ya.ru 40 
Ошибка в строке [Ольга oivsrkk@ya.ru 7], Поле возраст НЕ является числом от 10 до 99 
Поле имени содержит НЕ только буквы, Степан42 laydgwwjwn@mail.ru 11 
Error in Джигурда, param list index out of range 
Ошибка в строке [Ли mavu@ya.ru 100], Поле возраст НЕ является числом от 10 до 99 
Error in Тролль 54, param list index out of range 
Поле имени содержит НЕ только буквы, Дмитрий!!!!1 bvkk@mail.ru 26 
Поле имени содержит НЕ только буквы, Равшан42 ezntle@ya.ru 37 
Ошибка в строке [Тролль fsllueom@ya.ru 9], Поле возраст НЕ является числом от 10 до 99 
Ошибка в строке [Муммий ufauvx@gmail.com 9], Поле возраст НЕ является числом от 10 до 99 
Ошибка в строке [Муммий wznghtc@ya.ru 100], Поле возраст НЕ является числом от 10 до 99 
поле возраст НЕ является числом от 10 до 99, в строке Чонгкун hvro 22 
Ошибка в строке [Ли wqpe@ya.ru 100], Поле возраст НЕ является числом от 10 до 99 
Ошибка в строке [Джигурда!!!!1 dyenaemmiv@ya.ru 9], Поле возраст НЕ является числом от 10 до 99 
Ошибка в строке [Ярослав zvb@gmail.com 101], Поле возраст НЕ является числом от 10 до 99 
Ошибка в строке [Муммий42 sfghcwc@mail.ru 100], Поле возраст НЕ является числом от 10 до 99 
Error in Ольга 53, param list index out of range 
Ошибка в строке [], НЕ присутсвуют все три поля, строка № 7996 
Ошибка в строке [Гнойный jvqjo@ya.ru 101], Поле возраст НЕ является числом от 10 до 99 
Ошибка в строке [Волочкова mwyte@gmail.com 9], Поле возраст НЕ является числом от 10 до 99 
поле возраст НЕ является числом от 10 до 99, в строке Бузова zmcty 30 
Поле имени содержит НЕ только буквы, Джигурда42 cgmyyleo@ya.ru 62 
Error in Чонгкун 24, param list index out of range 
Ошибка в строке [], НЕ присутсвуют все три поля, строка № 8054 
Поле имени содержит НЕ только буквы, Гнойный42 ooscn@mail.ru 55 
Поле имени содержит НЕ только буквы, Тролль!!!!1 gyvjmzanae@gmail.com 26 
Поле имени содержит НЕ только буквы, Нагиев42 jrjhg@gmail.com 73 
Поле имени содержит НЕ только буквы, Ван42 scca@mail.ru 18 
Поле имени содержит НЕ только буквы, Владимир42 zphtkio@gmail.com 11 
Ошибка в строке [Ольга 98 vlhqzb@gmail.com], invalid literal for int() with base 10: 'vlhqzb@gmail.com' 
Ошибка в строке [Яочуан zgfmcpz@gmail.com 7], Поле возраст НЕ является числом от 10 до 99 
поле возраст НЕ является числом от 10 до 99, в строке Ярослав rgdcnbxfigvam 32 
Поле имени содержит НЕ только буквы, Хенг42 mgf@gmail.com 89 
Ошибка в строке [Джамшут drzi@mail.ru 101], Поле возраст НЕ является числом от 10 до 99 
Ошибка в строке [Артём akttamj@ya.ru 100], Поле возраст НЕ является числом от 10 до 99 
Ошибка в строке [Ван lfrvjvbihy@gmail.com 9], Поле возраст НЕ является числом от 10 до 99 
Ошибка в строке [Ольга aj@mail.ru 101], Поле возраст НЕ является числом от 10 до 99 
поле возраст НЕ является числом от 10 до 99, в строке Ольга hg 22 
Ошибка в строке [Муммий uddygjvo@ya.ru 7], Поле возраст НЕ является числом от 10 до 99 
Ошибка в строке [Бузова fnfankwxld@ya.ru 8], Поле возраст НЕ является числом от 10 до 99 
поле возраст НЕ является числом от 10 до 99, в строке Волочкова nmilvddubzfigvam 16 
Ошибка в строке [], НЕ присутсвуют все три поля, строка № 8143 
Ошибка в строке [Джамшут agicbvccqx@gmail.com 101], Поле возраст НЕ является числом от 10 до 99 
Ошибка в строке [Джамшут ufaukzgft@gmail.com 7], Поле возраст НЕ является числом от 10 до 99 
Ошибка в строке [], НЕ присутсвуют все три поля, строка № 8190 
Поле имени содержит НЕ только буквы, Владимир!!!!1 fxjmh@gmail.com 97 
Ошибка в строке [], НЕ присутсвуют все три поля, строка № 8195 
Поле имени содержит НЕ только буквы, Ярослав!!!!1 wwmnsfvj@ya.ru 27 
Ошибка в строке [Мария zpcmjr@gmail.com 8], Поле возраст НЕ является числом от 10 до 99 
Поле имени содержит НЕ только буквы, Чехова42 eezcpy@mail.ru 90 
Ошибка в строке [Михаил 28 ilehibygt@mail.ru], invalid literal for int() with base 10: 'ilehibygt@mail.ru' 
Ошибка в строке [Ярослав 63 eaxnuai@ya.ru], invalid literal for int() with base 10: 'eaxnuai@ya.ru' 
Поле имени содержит НЕ только буквы, Хенг666 onttosa@ya.ru 81 
Поле имени содержит НЕ только буквы, Ярослав666 vv@ya.ru 72 
Ошибка в строке [Дмитрий 34 jccinp@mail.ru], invalid literal for int() with base 10: 'jccinp@mail.ru' 
Поле имени содержит НЕ только буквы, Ольга666 ibfzjk@ya.ru 91 
поле возраст НЕ является числом от 10 до 99, в строке Земфира zhrfgfpc 82 
Ошибка в строке [Нагиев gsf@gmail.com 8], Поле возраст НЕ является числом от 10 до 99 
Поле имени содержит НЕ только буквы, Степан666 tkzvgm@mail.ru 72 
Поле имени содержит НЕ только буквы, Геннадий666 gev@ya.ru 89 
Ошибка в строке [Земфира lletd@mail.ru 7], Поле возраст НЕ является числом от 10 до 99 
Поле имени содержит НЕ только буквы, Владимир666 qudalgiaqm@gmail.com 65 
Поле имени содержит НЕ только буквы, Владимир!!!!1 qzgghw@gmail.com 12 
Ошибка в строке [Сянцзян osopkc@gmail.com 7], Поле возраст НЕ является числом от 10 до 99 
поле возраст НЕ является числом от 10 до 99, в строке Мария mnfigvam 22 
Ошибка в строке [Артём pudlfmzpwi@mail.ru 100], Поле возраст НЕ является числом от 10 до 99 
Ошибка в строке [Земфира duyfg@gmail.com 7], Поле возраст НЕ является числом от 10 до 99 
Поле имени содержит НЕ только буквы, Муммий666 bh@gmail.com 39 
Ошибка в строке [Волочкова hk@gmail.com 7], Поле возраст НЕ является числом от 10 до 99 
Ошибка в строке [], НЕ присутсвуют все три поля, строка № 8386 
поле возраст НЕ является числом от 10 до 99, в строке Нагиев hekhxxlfigvam 67 
Error in 79, param list index out of range 
Ошибка в строке [], НЕ присутсвуют все три поля, строка № 8405 
Поле имени содержит НЕ только буквы, Ван42 xm@gmail.com 30 
Ошибка в строке [Геннадий ipddomkxs@ya.ru 100], Поле возраст НЕ является числом от 10 до 99 
Ошибка в строке [Ярослав mjp@ya.ru 101], Поле возраст НЕ является числом от 10 до 99 
Ошибка в строке [Степан ueubww@mail.ru 8], Поле возраст НЕ является числом от 10 до 99 
Поле имени содержит НЕ только буквы, Ли!!!!1 srjvpum@gmail.com 65 
Ошибка в строке [Чехова 23 fogfgwr@ya.ru], invalid literal for int() with base 10: 'fogfgwr@ya.ru' 
Ошибка в строке [Дмитрий 33 bewlfhvxxv@ya.ru], invalid literal for int() with base 10: 'bewlfhvxxv@ya.ru' 
Ошибка в строке [], НЕ присутсвуют все три поля, строка № 8516 
Ошибка в строке [Бузова 85 ymtcb@mail.ru], invalid literal for int() with base 10: 'ymtcb@mail.ru' 
Поле имени содержит НЕ только буквы, Равшан!!!!1 wxh@mail.ru 14 
Ошибка в строке [], НЕ присутсвуют все три поля, строка № 8524 
Ошибка в строке [Чонгкун 13 rqkwufl@ya.ru], invalid literal for int() with base 10: 'rqkwufl@ya.ru' 
Поле имени содержит НЕ только буквы, Нагиев666 jebsjraw@ya.ru 61 
Поле имени содержит НЕ только буквы, Хенг!!!!1 kxp@gmail.com 62 
Поле имени содержит НЕ только буквы, Нагиев666 ou@mail.ru 27 
поле возраст НЕ является числом от 10 до 99, в строке Земфира abfigvam 95 
Ошибка в строке [Волочкова oefgutnvw@mail.ru 101], Поле возраст НЕ является числом от 10 до 99 
Поле имени содержит НЕ только буквы, Яочуан666 vtkmd@ya.ru 30 
Поле имени содержит НЕ только буквы, Ольга42 dh@ya.ru 25 
Ошибка в строке [Ли ugbeuptrtn@ya.ru 7], Поле возраст НЕ является числом от 10 до 99 
Поле имени содержит НЕ только буквы, Сянцзян!!!!1 eofcojuehm@ya.ru 32 
Поле имени содержит НЕ только буквы, Яочуан!!!!1 hrkqrm@mail.ru 80 
Поле имени содержит НЕ только буквы, Артём!!!!1 qafsowppis@gmail.com 43 
поле возраст НЕ является числом от 10 до 99, в строке Джигурда htufigvam 16 
Ошибка в строке [Земфира klzjeoxnq@ya.ru 100], Поле возраст НЕ является числом от 10 до 99 
Ошибка в строке [Яочуан mmbbjfmwb@ya.ru 9], Поле возраст НЕ является числом от 10 до 99 
Ошибка в строке [Нагиев ap@mail.ru 8], Поле возраст НЕ является числом от 10 до 99 
Ошибка в строке [Ольга666 vr@mail.ru 101], Поле возраст НЕ является числом от 10 до 99 
Ошибка в строке [Сянцзян nrg@gmail.com 7], Поле возраст НЕ является числом от 10 до 99 
Error in 62, param list index out of range 
Ошибка в строке [Мария koieqn@mail.ru 7], Поле возраст НЕ является числом от 10 до 99 
Error in Чехова 86, param list index out of range 
Ошибка в строке [Дмитрий tdrc@gmail.com 100], Поле возраст НЕ является числом от 10 до 99 
Error in Равшан, param list index out of range 
поле возраст НЕ является числом от 10 до 99, в строке Равшан gwtfigvam 92 
Поле имени содержит НЕ только буквы, Мария666 fxkiz@mail.ru 66 
Ошибка в строке [Степан egevtifebg@gmail.com 101], Поле возраст НЕ является числом от 10 до 99 
Ошибка в строке [Равшан pvtwyqxc@gmail.com 8], Поле возраст НЕ является числом от 10 до 99 
Ошибка в строке [], НЕ присутсвуют все три поля, строка № 8742 
Ошибка в строке [Земфира eqmwug@mail.ru 101], Поле возраст НЕ является числом от 10 до 99 
Ошибка в строке [Чонгкун gysadqnc@gmail.com 8], Поле возраст НЕ является числом от 10 до 99 
Error in pt@ya.ru, param list index out of range 
Ошибка в строке [Ли luzo@gmail.com 8], Поле возраст НЕ является числом от 10 до 99 
Ошибка в строке [Гнойный xyvjancymu@mail.ru 9], Поле возраст НЕ является числом от 10 до 99 
Ошибка в строке [Ван fierz@gmail.com 8], Поле возраст НЕ является числом от 10 до 99 
Ошибка в строке [], НЕ присутсвуют все три поля, строка № 8782 
Поле имени содержит НЕ только буквы, Владимир666 hjwqgntzb@gmail.com 70 
Поле имени содержит НЕ только буквы, Джамшут42 mutpfnzqy@mail.ru 63 
поле возраст НЕ является числом от 10 до 99, в строке Ольга nx 57 
Ошибка в строке [Ли mydowr@ya.ru 100], Поле возраст НЕ является числом от 10 до 99 
Ошибка в строке [Ли finxkaeqo@mail.ru 7], Поле возраст НЕ является числом от 10 до 99 
Ошибка в строке [Артём okodti@gmail.com 9], Поле возраст НЕ является числом от 10 до 99 
Ошибка в строке [Дмитрий hqgon@ya.ru 8], Поле возраст НЕ является числом от 10 до 99 
Ошибка в строке [], НЕ присутсвуют все три поля, строка № 8869 
Ошибка в строке [Равшан xjsibxpos@mail.ru 8], Поле возраст НЕ является числом от 10 до 99 
Ошибка в строке [Чехова 80 lsyfvzjhx@gmail.com], invalid literal for int() with base 10: 'lsyfvzjhx@gmail.com' 
Поле имени содержит НЕ только буквы, Чехова42 fqsgq@ya.ru 75 
Ошибка в строке [Артём irrx 8], Поле возраст НЕ является числом от 10 до 99 
Ошибка в строке [Степан hnkomvo@ya.ru 8], Поле возраст НЕ является числом от 10 до 99 
Ошибка в строке [Ли gggep@mail.ru 7], Поле возраст НЕ является числом от 10 до 99 
Ошибка в строке [Нагиев 39 xexcn@mail.ru], invalid literal for int() with base 10: 'xexcn@mail.ru' 
Ошибка в строке [Мария dpdkgrk@mail.ru 9], Поле возраст НЕ является числом от 10 до 99 
Ошибка в строке [Чехова slouvlfjhp.mail.ru 101], Поле возраст НЕ является числом от 10 до 99 
Ошибка в строке [Ольга jgsvnytwj@gmail.com 100], Поле возраст НЕ является числом от 10 до 99 
Ошибка в строке [Волочкова ofkuhzxqa@mail.ru 100], Поле возраст НЕ является числом от 10 до 99 
поле возраст НЕ является числом от 10 до 99, в строке Земфира vegfigvam 79 
Ошибка в строке [Степан npghipo@ya.ru 8], Поле возраст НЕ является числом от 10 до 99 
поле возраст НЕ является числом от 10 до 99, в строке Анна verpjfigvam 98 
поле возраст НЕ является числом от 10 до 99, в строке Бузова hunjg 57 
Ошибка в строке [Ли wnqnnhqnu@gmail.com 100], Поле возраст НЕ является числом от 10 до 99 
Ошибка в строке [Ли duejc@mail.ru 101], Поле возраст НЕ является числом от 10 до 99 
Ошибка в строке [Хенг texclyvv@ya.ru 7], Поле возраст НЕ является числом от 10 до 99 
Ошибка в строке [], НЕ присутсвуют все три поля, строка № 9030 
Ошибка в строке [Равшан hhwldj@mail.ru 101], Поле возраст НЕ является числом от 10 до 99 
Ошибка в строке [Нагиев 32 ddqkqncsc@mail.ru], invalid literal for int() with base 10: 'ddqkqncsc@mail.ru' 
Ошибка в строке [Геннадий gku@mail.ru 100], Поле возраст НЕ является числом от 10 до 99 
поле возраст НЕ является числом от 10 до 99, в строке Михаил mqfigvam 42 
Ошибка в строке [Геннадий ztwc@gmail.com 101], Поле возраст НЕ является числом от 10 до 99 
Error in Сянцзян, param list index out of range 
Ошибка в строке [Джигурда ddvn@mail.ru 101], Поле возраст НЕ является числом от 10 до 99 
Error in 40 vdetvumek@gmail.com, param list index out of range 
Ошибка в строке [Хенг wnnokxhfi@ya.ru 7], Поле возраст НЕ является числом от 10 до 99 
Ошибка в строке [Ярослав lbywftp@mail.ru 9], Поле возраст НЕ является числом от 10 до 99 
Ошибка в строке [Земфира vuzzvyh@gmail.com 9], Поле возраст НЕ является числом от 10 до 99 
Ошибка в строке [Ван lpu@ya.ru 101], Поле возраст НЕ является числом от 10 до 99 
Ошибка в строке [Яочуан yuz@gmail.com 9], Поле возраст НЕ является числом от 10 до 99 
Ошибка в строке [Джамшут rfaxstwl@ya.ru 7], Поле возраст НЕ является числом от 10 до 99 
поле возраст НЕ является числом от 10 до 99, в строке Анна anfh 36 
Ошибка в строке [], НЕ присутсвуют все три поля, строка № 9139 
Ошибка в строке [Владимир 79 jwnhvvd@mail.ru], invalid literal for int() with base 10: 'jwnhvvd@mail.ru' 
Ошибка в строке [Ли omk@ya.ru 7], Поле возраст НЕ является числом от 10 до 99 
Поле имени содержит НЕ только буквы, Земфира42 xsxj@mail.ru 91 
поле возраст НЕ является числом от 10 до 99, в строке Степан zhbrwwfigvam 90 
Ошибка в строке [Ли ati@gmail.com 100], Поле возраст НЕ является числом от 10 до 99 
Ошибка в строке [Ли pinle@mail.ru 101], Поле возраст НЕ является числом от 10 до 99 
поле возраст НЕ является числом от 10 до 99, в строке Ли xltzkbtd 29 
поле возраст НЕ является числом от 10 до 99, в строке Степан faydat 39 
поле возраст НЕ является числом от 10 до 99, в строке Степан nlfigvam 18 
Ошибка в строке [], НЕ присутсвуют все три поля, строка № 9204 
Ошибка в строке [Чехова zlwudasr@ya.ru 9], Поле возраст НЕ является числом от 10 до 99 
Поле имени содержит НЕ только буквы, Земфира666 otxxpaiu@ya.ru 69 
поле возраст НЕ является числом от 10 до 99, в строке Сянцзян cvb 34 
поле возраст НЕ является числом от 10 до 99, в строке Артём ug 19 
Ошибка в строке [Джамшут lgwoaerkg@gmail.com 101], Поле возраст НЕ является числом от 10 до 99 
Error in vcbqv@mail.ru, param list index out of range 
поле возраст НЕ является числом от 10 до 99, в строке Джамшут qnju 15 
Ошибка в строке [Волочкова vbw@ya.ru 7], Поле возраст НЕ является числом от 10 до 99 
Ошибка в строке [Чехова xzxezuwdo@mail.ru 8], Поле возраст НЕ является числом от 10 до 99 
Ошибка в строке [Михаил kpwnmczyg@ya.ru 7], Поле возраст НЕ является числом от 10 до 99 
Ошибка в строке [Сянцзян ddsto@mail.ru 9], Поле возраст НЕ является числом от 10 до 99 
поле возраст НЕ является числом от 10 до 99, в строке Земфира jiul 26 
Error in Хенг wdigvfokm@mail.ru, param list index out of range 
Ошибка в строке [Равшан hjleuh@gmail.com 7], Поле возраст НЕ является числом от 10 до 99 
Ошибка в строке [Тролль zlivjohx@ya.ru 100], Поле возраст НЕ является числом от 10 до 99 
Ошибка в строке [], НЕ присутсвуют все три поля, строка № 9331 
Ошибка в строке [Артём grhwwz@gmail.com 9], Поле возраст НЕ является числом от 10 до 99 
поле возраст НЕ является числом от 10 до 99, в строке Чонгкун hcfuvw 87 
Ошибка в строке [Ольга ia@gmail.com 8], Поле возраст НЕ является числом от 10 до 99 
Ошибка в строке [Степан ay@ya.ru 8], Поле возраст НЕ является числом от 10 до 99 
Ошибка в строке [Чонгкун wrmis@ya.ru 101], Поле возраст НЕ является числом от 10 до 99 
Ошибка в строке [Геннадий 60 qe@mail.ru], invalid literal for int() with base 10: 'qe@mail.ru' 
Error in Ольга, param list index out of range 
Ошибка в строке [Анна aqkdbkyeb@gmail.com 9], Поле возраст НЕ является числом от 10 до 99 
Поле имени содержит НЕ только буквы, Анна42 ed@mail.ru 17 
Ошибка в строке [Бузова xoyg@mail.ru 7], Поле возраст НЕ является числом от 10 до 99 
Ошибка в строке [Джамшут depp@gmail.com 100], Поле возраст НЕ является числом от 10 до 99 
Поле имени содержит НЕ только буквы, Муммий!!!!1 scqo@mail.ru 94 
Ошибка в строке [Владимир grrnerwhl@ya.ru 101], Поле возраст НЕ является числом от 10 до 99 
Ошибка в строке [Ли vjarik@ya.ru 7], Поле возраст НЕ является числом от 10 до 99 
Error in Джамшут 34, param list index out of range 
Ошибка в строке [Яочуан kcbataacan@ya.ru 100], Поле возраст НЕ является числом от 10 до 99 
Ошибка в строке [], НЕ присутсвуют все три поля, строка № 9485 
Ошибка в строке [Хенг qgonstc@mail.ru 7], Поле возраст НЕ является числом от 10 до 99 
Поле имени содержит НЕ только буквы, Джигурда!!!!1 xpomzztfou@mail.ru 64 
Ошибка в строке [Анна qcsrfjho@ya.ru 100], Поле возраст НЕ является числом от 10 до 99 
Ошибка в строке [], НЕ присутсвуют все три поля, строка № 9542 
Поле имени содержит НЕ только буквы, Михаил666 kssuv@gmail.com 99 
Ошибка в строке [Ли ivmjtzik@ya.ru 101], Поле возраст НЕ является числом от 10 до 99 
поле возраст НЕ является числом от 10 до 99, в строке Волочкова lulntpfigvam 26 
Ошибка в строке [Чонгкун ogoujvw@mail.ru 7], Поле возраст НЕ является числом от 10 до 99 
Поле имени содержит НЕ только буквы, Волочкова666 qpaiijbtfigvam 55 
поле возраст НЕ является числом от 10 до 99, в строке Чехова twfaumdygs 33 
Поле имени содержит НЕ только буквы, Ван42 vpvya@ya.ru 15 
Error in Дмитрий py@gmail.com, param list index out of range 
Ошибка в строке [Пенг qwenv@gmail.com 101], Поле возраст НЕ является числом от 10 до 99 
Поле имени содержит НЕ только буквы, Анна666 zvuc@gmail.com 25 
Ошибка в строке [Геннадий 10 sdnri@mail.ru], invalid literal for int() with base 10: 'sdnri@mail.ru' 
Ошибка в строке [Гнойный fj@mail.ru 101], Поле возраст НЕ является числом от 10 до 99 
Ошибка в строке [Муммий vksqce@mail.ru 8], Поле возраст НЕ является числом от 10 до 99 
Ошибка в строке [Чехова jewi@gmail.com 100], Поле возраст НЕ является числом от 10 до 99 
Ошибка в строке [Волочкова ojzvn@mail.ru 8], Поле возраст НЕ является числом от 10 до 99 
Error in Геннадий 77, param list index out of range 
Ошибка в строке [Сянцзян 97 xangyo@ya.ru], invalid literal for int() with base 10: 'xangyo@ya.ru' 
Ошибка в строке [Гнойный jproimqazq@gmail.com 7], Поле возраст НЕ является числом от 10 до 99 
поле возраст НЕ является числом от 10 до 99, в строке Анна hwqdzkt 85 
Error in Пенг ft@mail.ru, param list index out of range 
Ошибка в строке [Ли rpsbjxcidy@ya.ru 8], Поле возраст НЕ является числом от 10 до 99 
Ошибка в строке [Геннадий jrfxflls@ya.ru 101], Поле возраст НЕ является числом от 10 до 99 
Ошибка в строке [Чонгкун 51 gaugtep@mail.ru], invalid literal for int() with base 10: 'gaugtep@mail.ru' 
Ошибка в строке [Геннадий xdrmu@mail.ru 9], Поле возраст НЕ является числом от 10 до 99 
Error in Джамшут 63, param list index out of range 
Ошибка в строке [Дмитрий imkjxt@gmail.com 100], Поле возраст НЕ является числом от 10 до 99 
Ошибка в строке [Степан cwpxzmvcys@mail.ru 100], Поле возраст НЕ является числом от 10 до 99 
Ошибка в строке [Волочкова ccni@gmail.com 100], Поле возраст НЕ является числом от 10 до 99 
Error in Джамшут, param list index out of range 
поле возраст НЕ является числом от 10 до 99, в строке Хенг rlbvvaq 21 
Ошибка в строке [Анна qi@ya.ru 101], Поле возраст НЕ является числом от 10 до 99 
Ошибка в строке [Джамшут bumqppdlj@mail.ru 101], Поле возраст НЕ является числом от 10 до 99 
поле возраст НЕ является числом от 10 до 99, в строке Тролль sw 54 
Ошибка в строке [Джамшут qtm@mail.ru 100], Поле возраст НЕ является числом от 10 до 99 
Поле имени содержит НЕ только буквы, Джигурда42 byuxfoyigk@ya.ru 21 
поле возраст НЕ является числом от 10 до 99, в строке Ли ykpenvzfigvam 39 
Error in 98, param list index out of range 
поле возраст НЕ является числом от 10 до 99, в строке Земфира azxq 82 
Ошибка в строке [Ли yaagqzrje@gmail.com 101], Поле возраст НЕ является числом от 10 до 99 
Ошибка в строке [Артём by@gmail.com 101], Поле возраст НЕ является числом от 10 до 99 
Ошибка в строке [Яочуан bpn@ya.ru 8], Поле возраст НЕ является числом от 10 до 99 
Ошибка в строке [Чонгкун sayoo@ya.ru 100], Поле возраст НЕ является числом от 10 до 99 
Поле имени содержит НЕ только буквы, Яочуан42 zihdblwz@mail.ru 98 
Ошибка в строке [Ольга hrvxhaieg@mail.ru 101], Поле возраст НЕ является числом от 10 до 99 
Ошибка в строке [Чехова ieiq@gmail.com 100], Поле возраст НЕ является числом от 10 до 99 
Ошибка в строке [Владимир edx@ya.ru 100], Поле возраст НЕ является числом от 10 до 99 
Error in 61, param list index out of range 
Поле имени содержит НЕ только буквы, Джамшут666 kjw@gmail.com 25 
Ошибка в строке [Бузова uri@mail.ru 8], Поле возраст НЕ является числом от 10 до 99 
Ошибка в строке [Гнойный dbvk@mail.ru 100], Поле возраст НЕ является числом от 10 до 99 
Ошибка в строке [Ван rgjaqkqs@gmail.com 8], Поле возраст НЕ является числом от 10 до 99 
Ошибка в строке [Волочкова mnu@mail.ru 8], Поле возраст НЕ является числом от 10 до 99 
Поле имени содержит НЕ только буквы, Ли42 vqffrrlfh@gmail.com 99 
Поле имени содержит НЕ только буквы, Тролль666 se@mail.ru 52 
Ошибка в строке [Дмитрий xayinimkz@mail.ru 7], Поле возраст НЕ является числом от 10 до 99 
